<?xml version="1.0" encoding="UTF-8"?>
<robot generated="20180220 14:21:46.543" generator="Robot 3.0 (Python 2.7.12 on win32)">
<suite source="C:\prototype\prototype\Tests" id="s1" name="Tests">
<kw type="setup" name="Open sdp">
<doc>Login to the application and the driver instance is made as the global variable</doc>
<kw name="Open Browser" library="Selenium2Library">
<doc>Opens a new browser instance to the given ``url``.</doc>
<arguments>
<arg>${url}</arg>
<arg>ff</arg>
</arguments>
<msg timestamp="20180220 14:21:46.793" level="INFO">Opening browser 'ff' to base url 'https://10.92.10.215/sdpgui/index.php'.</msg>
<status status="PASS" endtime="20180220 14:21:53.985" starttime="20180220 14:21:46.793"></status>
</kw>
<kw name="Sdp Login" library="sdputils">
<doc>This method can be used for login into sdp system. If username and password</doc>
<assign>
<var>${driver}</var>
</assign>
<msg timestamp="20180220 14:21:56.985" level="INFO">{'locator': 'id', 'id': 'user'}</msg>
<msg timestamp="20180220 14:21:56.986" level="INFO">sdp</msg>
<msg timestamp="20180220 14:21:57.108" level="INFO">{'locator': 'id', 'id': 'password'}</msg>
<msg timestamp="20180220 14:21:57.108" level="INFO">sdp</msg>
<msg timestamp="20180220 14:22:14.609" level="INFO">${driver} = &lt;selenium.webdriver.firefox.webdriver.WebDriver (session="c4739a77-cefc-4b55-ba76-1c09aa346d1d")&gt;</msg>
<status status="PASS" endtime="20180220 14:22:14.609" starttime="20180220 14:21:53.985"></status>
</kw>
<kw name="Set Global Variable" library="BuiltIn">
<doc>Makes a variable available globally in all tests and suites.</doc>
<arguments>
<arg>${driver}</arg>
</arguments>
<msg timestamp="20180220 14:22:14.619" level="INFO">${driver} = &lt;selenium.webdriver.firefox.webdriver.WebDriver (session="c4739a77-cefc-4b55-ba76-1c09aa346d1d")&gt;</msg>
<status status="PASS" endtime="20180220 14:22:14.619" starttime="20180220 14:22:14.609"></status>
</kw>
<status status="PASS" endtime="20180220 14:22:14.619" starttime="20180220 14:21:46.793"></status>
</kw>
<suite source="C:\prototype\prototype\Tests\test_area.robot" id="s1-s1" name="Test Area">
<kw type="setup" name="Run Keywords" library="BuiltIn">
<doc>Executes all the given keywords in a sequence.</doc>
<arguments>
<arg>Open sdp</arg>
<arg>setup_add_new_client_stb</arg>
</arguments>
<kw name="Open sdp" library="common">
<kw name="Open Browser" library="Selenium2Library">
<doc>Opens a new browser instance to the given ``url``.</doc>
<arguments>
<arg>${url}</arg>
<arg>ff</arg>
</arguments>
<msg timestamp="20180220 14:22:14.719" level="INFO">Opening browser 'ff' to base url 'https://10.92.10.215/sdpgui/index.php'.</msg>
<status status="PASS" endtime="20180220 14:22:21.683" starttime="20180220 14:22:14.719"></status>
</kw>
<kw name="Sdp Login" library="sdputils">
<doc>This method can be used for login into sdp system. If username and password</doc>
<assign>
<var>${driver}</var>
</assign>
<msg timestamp="20180220 14:22:24.684" level="INFO">{'locator': 'id', 'id': 'user'}</msg>
<msg timestamp="20180220 14:22:24.685" level="INFO">sdp</msg>
<msg timestamp="20180220 14:22:24.810" level="INFO">{'locator': 'id', 'id': 'password'}</msg>
<msg timestamp="20180220 14:22:24.811" level="INFO">sdp</msg>
<msg timestamp="20180220 14:22:32.874" level="INFO">${driver} = &lt;selenium.webdriver.firefox.webdriver.WebDriver (session="543807cb-6a81-42c9-a9b1-dc73a422bee8")&gt;</msg>
<status status="PASS" endtime="20180220 14:22:32.874" starttime="20180220 14:22:21.683"></status>
</kw>
<kw name="Set Global Variable" library="BuiltIn">
<doc>Makes a variable available globally in all tests and suites.</doc>
<arguments>
<arg>${driver}</arg>
</arguments>
<msg timestamp="20180220 14:22:32.874" level="INFO">${driver} = &lt;selenium.webdriver.firefox.webdriver.WebDriver (session="543807cb-6a81-42c9-a9b1-dc73a422bee8")&gt;</msg>
<status status="PASS" endtime="20180220 14:22:32.874" starttime="20180220 14:22:32.874"></status>
</kw>
<status status="PASS" endtime="20180220 14:22:32.884" starttime="20180220 14:22:14.719"></status>
</kw>
<kw name="setup_add_new_client_stb">
<msg timestamp="20180220 14:22:32.884" level="FAIL">No keyword with name 'setup_add_new_client_stb' found.</msg>
<status status="FAIL" endtime="20180220 14:22:32.884" starttime="20180220 14:22:32.884"></status>
</kw>
<status status="FAIL" endtime="20180220 14:22:32.884" starttime="20180220 14:22:14.719"></status>
</kw>
<test id="s1-s1-t1" name="validate area name with invalid data">
<status status="FAIL" endtime="20180220 14:22:32.884" critical="yes" starttime="20180220 14:22:32.884">Parent suite setup failed:
No keyword with name 'setup_add_new_client_stb' found.</status>
</test>
<kw type="teardown" name="close sdp" library="common">
<kw name="Close Browser" library="Selenium2Library">
<doc>Closes the current browser.</doc>
<status status="PASS" endtime="20180220 14:22:33.074" starttime="20180220 14:22:32.884"></status>
</kw>
<status status="PASS" endtime="20180220 14:22:33.074" starttime="20180220 14:22:32.884"></status>
</kw>
<status status="FAIL" endtime="20180220 14:22:33.074" starttime="20180220 14:22:14.619">Suite setup failed:
No keyword with name 'setup_add_new_client_stb' found.</status>
</suite>
<suite source="C:\prototype\prototype\Tests\test_binary.robot" id="s1-s2" name="Test Binary">
<kw type="setup" name="setup_add_new_binary">
<kw name="Get Library Instance" library="BuiltIn">
<doc>Returns the currently active instance of the specified test library.</doc>
<arguments>
<arg>sdppo</arg>
</arguments>
<assign>
<var>${SDP}</var>
</assign>
<msg timestamp="20180220 14:22:33.094" level="INFO">${SDP} = &lt;module 'sdppo' from 'C:\prototype\prototype\VBO_Objects\sdppo.pyc'&gt;</msg>
<status status="PASS" endtime="20180220 14:22:33.094" starttime="20180220 14:22:33.094"></status>
</kw>
<kw name="Open Page" library="sdputils">
<arguments>
<arg>${driver}</arg>
<arg>${SDP.binary }</arg>
</arguments>
<msg timestamp="20180220 14:22:34.124" level="FAIL">error: [Errno 10061] No connection could be made because the target machine actively refused it</msg>
<status status="FAIL" endtime="20180220 14:22:34.124" starttime="20180220 14:22:33.094"></status>
</kw>
<status status="FAIL" endtime="20180220 14:22:34.124" starttime="20180220 14:22:33.094"></status>
</kw>
<test id="s1-s2-t1" name="validate binary name with invalid data">
<tags>
<tag>binary_page</tag>
</tags>
<status status="FAIL" endtime="20180220 14:22:34.134" critical="yes" starttime="20180220 14:22:34.124">Parent suite setup failed:
error: [Errno 10061] No connection could be made because the target machine actively refused it</status>
</test>
<test id="s1-s2-t2" name="validate binary name with valid data">
<tags>
<tag>binary_page</tag>
</tags>
<status status="FAIL" endtime="20180220 14:22:34.134" critical="yes" starttime="20180220 14:22:34.134">Parent suite setup failed:
error: [Errno 10061] No connection could be made because the target machine actively refused it</status>
</test>
<test id="s1-s2-t3" name="sdp.752">
<tags>
<tag>binary_page</tag>
</tags>
<status status="FAIL" endtime="20180220 14:22:34.144" critical="yes" starttime="20180220 14:22:34.144">Parent suite setup failed:
error: [Errno 10061] No connection could be made because the target machine actively refused it</status>
</test>
<test id="s1-s2-t4" name="sdp.753">
<tags>
<tag>binary_page</tag>
</tags>
<status status="FAIL" endtime="20180220 14:22:34.144" critical="yes" starttime="20180220 14:22:34.144">Parent suite setup failed:
error: [Errno 10061] No connection could be made because the target machine actively refused it</status>
</test>
<test id="s1-s2-t5" name="sdp.754">
<tags>
<tag>binary_page</tag>
</tags>
<status status="FAIL" endtime="20180220 14:22:34.154" critical="yes" starttime="20180220 14:22:34.144">Parent suite setup failed:
error: [Errno 10061] No connection could be made because the target machine actively refused it</status>
</test>
<test id="s1-s2-t6" name="sdp.755">
<tags>
<tag>binary_page</tag>
</tags>
<status status="FAIL" endtime="20180220 14:22:34.154" critical="yes" starttime="20180220 14:22:34.154">Parent suite setup failed:
error: [Errno 10061] No connection could be made because the target machine actively refused it</status>
</test>
<test id="s1-s2-t7" name="sdp.756">
<tags>
<tag>binary_page</tag>
</tags>
<status status="FAIL" endtime="20180220 14:22:34.154" critical="yes" starttime="20180220 14:22:34.154">Parent suite setup failed:
error: [Errno 10061] No connection could be made because the target machine actively refused it</status>
</test>
<test id="s1-s2-t8" name="sdp.757">
<tags>
<tag>binary_page</tag>
</tags>
<status status="FAIL" endtime="20180220 14:22:34.164" critical="yes" starttime="20180220 14:22:34.164">Parent suite setup failed:
error: [Errno 10061] No connection could be made because the target machine actively refused it</status>
</test>
<test id="s1-s2-t9" name="sdp.758">
<tags>
<tag>binary_page</tag>
</tags>
<status status="FAIL" endtime="20180220 14:22:34.164" critical="yes" starttime="20180220 14:22:34.164">Parent suite setup failed:
error: [Errno 10061] No connection could be made because the target machine actively refused it</status>
</test>
<test id="s1-s2-t10" name="sdp.759">
<tags>
<tag>binary_page</tag>
</tags>
<status status="FAIL" endtime="20180220 14:22:34.174" critical="yes" starttime="20180220 14:22:34.174">Parent suite setup failed:
error: [Errno 10061] No connection could be made because the target machine actively refused it</status>
</test>
<test id="s1-s2-t11" name="sdp.760">
<tags>
<tag>binary_page</tag>
</tags>
<status status="FAIL" endtime="20180220 14:22:34.174" critical="yes" starttime="20180220 14:22:34.174">Parent suite setup failed:
error: [Errno 10061] No connection could be made because the target machine actively refused it</status>
</test>
<test id="s1-s2-t12" name="sdp.761">
<tags>
<tag>binary_page</tag>
</tags>
<status status="FAIL" endtime="20180220 14:22:34.174" critical="yes" starttime="20180220 14:22:34.174">Parent suite setup failed:
error: [Errno 10061] No connection could be made because the target machine actively refused it</status>
</test>
<test id="s1-s2-t13" name="sdp.762">
<tags>
<tag>binary_page</tag>
</tags>
<status status="FAIL" endtime="20180220 14:22:34.174" critical="yes" starttime="20180220 14:22:34.174">Parent suite setup failed:
error: [Errno 10061] No connection could be made because the target machine actively refused it</status>
</test>
<test id="s1-s2-t14" name="sdp.763">
<tags>
<tag>binary_page</tag>
</tags>
<status status="FAIL" endtime="20180220 14:22:34.184" critical="yes" starttime="20180220 14:22:34.184">Parent suite setup failed:
error: [Errno 10061] No connection could be made because the target machine actively refused it</status>
</test>
<test id="s1-s2-t15" name="sdp.764">
<tags>
<tag>binary_page</tag>
</tags>
<status status="FAIL" endtime="20180220 14:22:34.184" critical="yes" starttime="20180220 14:22:34.184">Parent suite setup failed:
error: [Errno 10061] No connection could be made because the target machine actively refused it</status>
</test>
<test id="s1-s2-t16" name="sdp.765">
<tags>
<tag>binary_page</tag>
</tags>
<status status="FAIL" endtime="20180220 14:22:34.184" critical="yes" starttime="20180220 14:22:34.184">Parent suite setup failed:
error: [Errno 10061] No connection could be made because the target machine actively refused it</status>
</test>
<test id="s1-s2-t17" name="sdp.766">
<tags>
<tag>binary_page</tag>
</tags>
<status status="FAIL" endtime="20180220 14:22:34.184" critical="yes" starttime="20180220 14:22:34.184">Parent suite setup failed:
error: [Errno 10061] No connection could be made because the target machine actively refused it</status>
</test>
<test id="s1-s2-t18" name="sdp.767">
<tags>
<tag>binary_page</tag>
</tags>
<status status="FAIL" endtime="20180220 14:22:34.184" critical="yes" starttime="20180220 14:22:34.184">Parent suite setup failed:
error: [Errno 10061] No connection could be made because the target machine actively refused it</status>
</test>
<test id="s1-s2-t19" name="sdp.768">
<tags>
<tag>binary_page</tag>
</tags>
<status status="FAIL" endtime="20180220 14:22:34.184" critical="yes" starttime="20180220 14:22:34.184">Parent suite setup failed:
error: [Errno 10061] No connection could be made because the target machine actively refused it</status>
</test>
<test id="s1-s2-t20" name="sdp.769">
<tags>
<tag>binary_page</tag>
</tags>
<status status="FAIL" endtime="20180220 14:22:34.194" critical="yes" starttime="20180220 14:22:34.194">Parent suite setup failed:
error: [Errno 10061] No connection could be made because the target machine actively refused it</status>
</test>
<test id="s1-s2-t21" name="sdp.770">
<tags>
<tag>binary_page</tag>
</tags>
<status status="FAIL" endtime="20180220 14:22:34.194" critical="yes" starttime="20180220 14:22:34.194">Parent suite setup failed:
error: [Errno 10061] No connection could be made because the target machine actively refused it</status>
</test>
<test id="s1-s2-t22" name="sdp.771">
<tags>
<tag>binary_page</tag>
</tags>
<status status="FAIL" endtime="20180220 14:22:34.194" critical="yes" starttime="20180220 14:22:34.194">Parent suite setup failed:
error: [Errno 10061] No connection could be made because the target machine actively refused it</status>
</test>
<test id="s1-s2-t23" name="sdp.772">
<tags>
<tag>binary_page</tag>
</tags>
<status status="FAIL" endtime="20180220 14:22:34.194" critical="yes" starttime="20180220 14:22:34.194">Parent suite setup failed:
error: [Errno 10061] No connection could be made because the target machine actively refused it</status>
</test>
<test id="s1-s2-t24" name="sdp.773">
<tags>
<tag>binary_page</tag>
</tags>
<status status="FAIL" endtime="20180220 14:22:34.204" critical="yes" starttime="20180220 14:22:34.204">Parent suite setup failed:
error: [Errno 10061] No connection could be made because the target machine actively refused it</status>
</test>
<test id="s1-s2-t25" name="sdp.774">
<tags>
<tag>binary_page</tag>
</tags>
<status status="FAIL" endtime="20180220 14:22:34.204" critical="yes" starttime="20180220 14:22:34.204">Parent suite setup failed:
error: [Errno 10061] No connection could be made because the target machine actively refused it</status>
</test>
<test id="s1-s2-t26" name="sdp.775">
<tags>
<tag>binary_page</tag>
</tags>
<status status="FAIL" endtime="20180220 14:22:34.204" critical="yes" starttime="20180220 14:22:34.204">Parent suite setup failed:
error: [Errno 10061] No connection could be made because the target machine actively refused it</status>
</test>
<test id="s1-s2-t27" name="sdp.776">
<tags>
<tag>binary_page</tag>
</tags>
<status status="FAIL" endtime="20180220 14:22:34.204" critical="yes" starttime="20180220 14:22:34.204">Parent suite setup failed:
error: [Errno 10061] No connection could be made because the target machine actively refused it</status>
</test>
<test id="s1-s2-t28" name="sdp.777">
<tags>
<tag>binary_page</tag>
</tags>
<status status="FAIL" endtime="20180220 14:22:34.204" critical="yes" starttime="20180220 14:22:34.204">Parent suite setup failed:
error: [Errno 10061] No connection could be made because the target machine actively refused it</status>
</test>
<test id="s1-s2-t29" name="sdp.778">
<tags>
<tag>binary_page</tag>
</tags>
<status status="FAIL" endtime="20180220 14:22:34.204" critical="yes" starttime="20180220 14:22:34.204">Parent suite setup failed:
error: [Errno 10061] No connection could be made because the target machine actively refused it</status>
</test>
<test id="s1-s2-t30" name="sdp.779">
<tags>
<tag>binary_page</tag>
</tags>
<status status="FAIL" endtime="20180220 14:22:34.214" critical="yes" starttime="20180220 14:22:34.214">Parent suite setup failed:
error: [Errno 10061] No connection could be made because the target machine actively refused it</status>
</test>
<test id="s1-s2-t31" name="sdp.780">
<tags>
<tag>binary_page</tag>
</tags>
<status status="FAIL" endtime="20180220 14:22:34.214" critical="yes" starttime="20180220 14:22:34.214">Parent suite setup failed:
error: [Errno 10061] No connection could be made because the target machine actively refused it</status>
</test>
<test id="s1-s2-t32" name="sdp.781">
<tags>
<tag>binary_page</tag>
</tags>
<status status="FAIL" endtime="20180220 14:22:34.214" critical="yes" starttime="20180220 14:22:34.214">Parent suite setup failed:
error: [Errno 10061] No connection could be made because the target machine actively refused it</status>
</test>
<test id="s1-s2-t33" name="sdp.719">
<doc>OS binary creation for 1.3.2</doc>
<tags>
<tag>binary_page</tag>
</tags>
<status status="FAIL" endtime="20180220 14:22:34.214" critical="yes" starttime="20180220 14:22:34.214">Parent suite setup failed:
error: [Errno 10061] No connection could be made because the target machine actively refused it</status>
</test>
<test id="s1-s2-t34" name="sdp.726">
<doc>OS binary creation for 1.3.2SP1</doc>
<tags>
<tag>binary_page</tag>
</tags>
<status status="FAIL" endtime="20180220 14:22:34.214" critical="yes" starttime="20180220 14:22:34.214">Parent suite setup failed:
error: [Errno 10061] No connection could be made because the target machine actively refused it</status>
</test>
<test id="s1-s2-t35" name="sdp.733">
<doc>OS binary creation for 3.0</doc>
<tags>
<tag>binary_page</tag>
</tags>
<status status="FAIL" endtime="20180220 14:22:34.214" critical="yes" starttime="20180220 14:22:34.214">Parent suite setup failed:
error: [Errno 10061] No connection could be made because the target machine actively refused it</status>
</test>
<test id="s1-s2-t36" name="sdp.740">
<doc>OS binary creation for 3.1</doc>
<tags>
<tag>binary_page</tag>
</tags>
<status status="FAIL" endtime="20180220 14:22:34.214" critical="yes" starttime="20180220 14:22:34.214">Parent suite setup failed:
error: [Errno 10061] No connection could be made because the target machine actively refused it</status>
</test>
<test id="s1-s2-t37" name="sdp.migrated.747">
<doc>OS binary creation for 4.0</doc>
<tags>
<tag>binary_page</tag>
</tags>
<status status="FAIL" endtime="20180220 14:22:34.224" critical="yes" starttime="20180220 14:22:34.224">Parent suite setup failed:
error: [Errno 10061] No connection could be made because the target machine actively refused it</status>
</test>
<test id="s1-s2-t38" name="sdp.720">
<doc>rewrapper creation for 1.3.2</doc>
<tags>
<tag>binary_page</tag>
</tags>
<status status="FAIL" endtime="20180220 14:22:34.224" critical="yes" starttime="20180220 14:22:34.224">Parent suite setup failed:
error: [Errno 10061] No connection could be made because the target machine actively refused it</status>
</test>
<test id="s1-s2-t39" name="sdp.727">
<doc>rewrapper creation for 1.3.2SP1</doc>
<tags>
<tag>binary_page</tag>
</tags>
<status status="FAIL" endtime="20180220 14:22:34.224" critical="yes" starttime="20180220 14:22:34.224">Parent suite setup failed:
error: [Errno 10061] No connection could be made because the target machine actively refused it</status>
</test>
<test id="s1-s2-t40" name="sdp.734">
<doc>rewrapper creation for 3.0</doc>
<tags>
<tag>binary_page</tag>
</tags>
<status status="FAIL" endtime="20180220 14:22:34.224" critical="yes" starttime="20180220 14:22:34.224">Parent suite setup failed:
error: [Errno 10061] No connection could be made because the target machine actively refused it</status>
</test>
<test id="s1-s2-t41" name="sdp.741">
<doc>rewrapper creation for 3.1</doc>
<tags>
<tag>binary_page</tag>
</tags>
<status status="FAIL" endtime="20180220 14:22:34.234" critical="yes" starttime="20180220 14:22:34.224">Parent suite setup failed:
error: [Errno 10061] No connection could be made because the target machine actively refused it</status>
</test>
<test id="s1-s2-t42" name="sdp.migrated.748">
<doc>rewrapper creation for 4.0</doc>
<tags>
<tag>binary_page</tag>
</tags>
<status status="FAIL" endtime="20180220 14:22:34.234" critical="yes" starttime="20180220 14:22:34.234">Parent suite setup failed:
error: [Errno 10061] No connection could be made because the target machine actively refused it</status>
</test>
<test id="s1-s2-t43" name="sdp.721">
<doc>fccret-server creation for 1.3.2</doc>
<tags>
<tag>binary_page</tag>
</tags>
<status status="FAIL" endtime="20180220 14:22:34.234" critical="yes" starttime="20180220 14:22:34.234">Parent suite setup failed:
error: [Errno 10061] No connection could be made because the target machine actively refused it</status>
</test>
<test id="s1-s2-t44" name="sdp.728">
<doc>fccret-server creation for 1.3.2SP1</doc>
<tags>
<tag>binary_page</tag>
</tags>
<status status="FAIL" endtime="20180220 14:22:34.234" critical="yes" starttime="20180220 14:22:34.234">Parent suite setup failed:
error: [Errno 10061] No connection could be made because the target machine actively refused it</status>
</test>
<test id="s1-s2-t45" name="sdp.735">
<doc>fccret-server creation for 3.0</doc>
<tags>
<tag>binary_page</tag>
</tags>
<status status="FAIL" endtime="20180220 14:22:34.234" critical="yes" starttime="20180220 14:22:34.234">Parent suite setup failed:
error: [Errno 10061] No connection could be made because the target machine actively refused it</status>
</test>
<test id="s1-s2-t46" name="sdp.742">
<doc>fccret-server creation for 3.1</doc>
<tags>
<tag>binary_page</tag>
</tags>
<status status="FAIL" endtime="20180220 14:22:34.234" critical="yes" starttime="20180220 14:22:34.234">Parent suite setup failed:
error: [Errno 10061] No connection could be made because the target machine actively refused it</status>
</test>
<test id="s1-s2-t47" name="sdp.migrated.749">
<doc>fccret-server creation for 4.0</doc>
<tags>
<tag>binary_page</tag>
</tags>
<status status="FAIL" endtime="20180220 14:22:34.234" critical="yes" starttime="20180220 14:22:34.234">Parent suite setup failed:
error: [Errno 10061] No connection could be made because the target machine actively refused it</status>
</test>
<test id="s1-s2-t48" name="sdp.722">
<doc>flowshaper creation for 1.3.2</doc>
<tags>
<tag>binary_page</tag>
</tags>
<status status="FAIL" endtime="20180220 14:22:34.244" critical="yes" starttime="20180220 14:22:34.244">Parent suite setup failed:
error: [Errno 10061] No connection could be made because the target machine actively refused it</status>
</test>
<test id="s1-s2-t49" name="sdp.729">
<doc>flowshaper creation for 1.3.2sp1</doc>
<tags>
<tag>binary_page</tag>
</tags>
<status status="FAIL" endtime="20180220 14:22:34.244" critical="yes" starttime="20180220 14:22:34.244">Parent suite setup failed:
error: [Errno 10061] No connection could be made because the target machine actively refused it</status>
</test>
<test id="s1-s2-t50" name="sdp.736">
<doc>flowshaper creation for 3.0</doc>
<tags>
<tag>binary_page</tag>
</tags>
<status status="FAIL" endtime="20180220 14:22:34.244" critical="yes" starttime="20180220 14:22:34.244">Parent suite setup failed:
error: [Errno 10061] No connection could be made because the target machine actively refused it</status>
</test>
<test id="s1-s2-t51" name="sdp.743">
<doc>flowshaper creation for 3.1</doc>
<tags>
<tag>binary_page</tag>
</tags>
<status status="FAIL" endtime="20180220 14:22:34.244" critical="yes" starttime="20180220 14:22:34.244">Parent suite setup failed:
error: [Errno 10061] No connection could be made because the target machine actively refused it</status>
</test>
<test id="s1-s2-t52" name="sdp.migrated.750">
<doc>flowshaper creation for 4.0</doc>
<tags>
<tag>binary_page</tag>
</tags>
<status status="FAIL" endtime="20180220 14:22:34.244" critical="yes" starttime="20180220 14:22:34.244">Parent suite setup failed:
error: [Errno 10061] No connection could be made because the target machine actively refused it</status>
</test>
<test id="s1-s2-t53" name="sdp.723">
<doc>flowshaper creation for 1.3.2</doc>
<tags>
<tag>binary_page</tag>
</tags>
<status status="FAIL" endtime="20180220 14:22:34.244" critical="yes" starttime="20180220 14:22:34.244">Parent suite setup failed:
error: [Errno 10061] No connection could be made because the target machine actively refused it</status>
</test>
<test id="s1-s2-t54" name="sdp.730">
<doc>flowshaper creation for 1.3.2sp1</doc>
<tags>
<tag>binary_page</tag>
</tags>
<status status="FAIL" endtime="20180220 14:22:34.254" critical="yes" starttime="20180220 14:22:34.254">Parent suite setup failed:
error: [Errno 10061] No connection could be made because the target machine actively refused it</status>
</test>
<test id="s1-s2-t55" name="sdp.737">
<doc>flowshaper creation for 3.0</doc>
<tags>
<tag>binary_page</tag>
</tags>
<status status="FAIL" endtime="20180220 14:22:34.254" critical="yes" starttime="20180220 14:22:34.254">Parent suite setup failed:
error: [Errno 10061] No connection could be made because the target machine actively refused it</status>
</test>
<test id="s1-s2-t56" name="sdp.744">
<doc>flowshaper creation for 3.1</doc>
<tags>
<tag>binary_page</tag>
</tags>
<status status="FAIL" endtime="20180220 14:22:34.254" critical="yes" starttime="20180220 14:22:34.254">Parent suite setup failed:
error: [Errno 10061] No connection could be made because the target machine actively refused it</status>
</test>
<test id="s1-s2-t57" name="sdp.migrated.751">
<doc>flowshaper creation for 4.0</doc>
<tags>
<tag>binary_page</tag>
</tags>
<status status="FAIL" endtime="20180220 14:22:34.254" critical="yes" starttime="20180220 14:22:34.254">Parent suite setup failed:
error: [Errno 10061] No connection could be made because the target machine actively refused it</status>
</test>
<test id="s1-s2-t58" name="sdp.724">
<doc>vsa-monitor creation for 1.3.2</doc>
<tags>
<tag>binary_page</tag>
</tags>
<status status="FAIL" endtime="20180220 14:22:34.254" critical="yes" starttime="20180220 14:22:34.254">Parent suite setup failed:
error: [Errno 10061] No connection could be made because the target machine actively refused it</status>
</test>
<test id="s1-s2-t59" name="sdp.731">
<doc>vsa-monitor creation for 1.3.2sp1</doc>
<tags>
<tag>binary_page</tag>
</tags>
<status status="FAIL" endtime="20180220 14:22:34.264" critical="yes" starttime="20180220 14:22:34.254">Parent suite setup failed:
error: [Errno 10061] No connection could be made because the target machine actively refused it</status>
</test>
<test id="s1-s2-t60" name="sdp.738">
<doc>vsa-monitor creation for 3.0</doc>
<tags>
<tag>binary_page</tag>
</tags>
<status status="FAIL" endtime="20180220 14:22:34.264" critical="yes" starttime="20180220 14:22:34.264">Parent suite setup failed:
error: [Errno 10061] No connection could be made because the target machine actively refused it</status>
</test>
<test id="s1-s2-t61" name="sdp.745">
<doc>vsa-monitor creation for 3.1</doc>
<tags>
<tag>binary_page</tag>
</tags>
<status status="FAIL" endtime="20180220 14:22:34.264" critical="yes" starttime="20180220 14:22:34.264">Parent suite setup failed:
error: [Errno 10061] No connection could be made because the target machine actively refused it</status>
</test>
<test id="s1-s2-t62" name="sdp.migrated.752">
<doc>vsa-monitor creation for 4.0</doc>
<tags>
<tag>binary_page</tag>
</tags>
<status status="FAIL" endtime="20180220 14:22:34.264" critical="yes" starttime="20180220 14:22:34.264">Parent suite setup failed:
error: [Errno 10061] No connection could be made because the target machine actively refused it</status>
</test>
<test id="s1-s2-t63" name="sdp.725">
<doc>vsa-manager creation for 1.3.2</doc>
<tags>
<tag>binary_page</tag>
</tags>
<status status="FAIL" endtime="20180220 14:22:34.264" critical="yes" starttime="20180220 14:22:34.264">Parent suite setup failed:
error: [Errno 10061] No connection could be made because the target machine actively refused it</status>
</test>
<test id="s1-s2-t64" name="sdp.732">
<doc>vsa-manager creation for 1.3.2sp1</doc>
<tags>
<tag>binary_page</tag>
</tags>
<status status="FAIL" endtime="20180220 14:22:34.264" critical="yes" starttime="20180220 14:22:34.264">Parent suite setup failed:
error: [Errno 10061] No connection could be made because the target machine actively refused it</status>
</test>
<test id="s1-s2-t65" name="sdp.739">
<doc>vsa-manager creation for 3.0</doc>
<tags>
<tag>binary_page</tag>
</tags>
<status status="FAIL" endtime="20180220 14:22:34.264" critical="yes" starttime="20180220 14:22:34.264">Parent suite setup failed:
error: [Errno 10061] No connection could be made because the target machine actively refused it</status>
</test>
<test id="s1-s2-t66" name="sdp.746">
<doc>vsa-manager creation for 3.1</doc>
<tags>
<tag>binary_page</tag>
</tags>
<status status="FAIL" endtime="20180220 14:22:34.274" critical="yes" starttime="20180220 14:22:34.274">Parent suite setup failed:
error: [Errno 10061] No connection could be made because the target machine actively refused it</status>
</test>
<test id="s1-s2-t67" name="sdp.migrated.753">
<doc>vsa-manager creation for 4.0</doc>
<tags>
<tag>binary_page</tag>
</tags>
<status status="FAIL" endtime="20180220 14:22:34.274" critical="yes" starttime="20180220 14:22:34.274">Parent suite setup failed:
error: [Errno 10061] No connection could be made because the target machine actively refused it</status>
</test>
<status status="FAIL" endtime="20180220 14:22:34.274" starttime="20180220 14:22:33.084">Suite setup failed:
error: [Errno 10061] No connection could be made because the target machine actively refused it</status>
</suite>
<suite source="C:\prototype\prototype\Tests\test_channel.robot" id="s1-s3" name="Test Channel">
<kw type="setup" name="setup_add_new_channel">
<kw name="Get Library Instance" library="BuiltIn">
<doc>Returns the currently active instance of the specified test library.</doc>
<arguments>
<arg>sdppo</arg>
</arguments>
<assign>
<var>${SDP}</var>
</assign>
<msg timestamp="20180220 14:22:34.294" level="INFO">${SDP} = &lt;module 'sdppo' from 'C:\prototype\prototype\VBO_Objects\sdppo.pyc'&gt;</msg>
<status status="PASS" endtime="20180220 14:22:34.294" starttime="20180220 14:22:34.294"></status>
</kw>
<kw name="Open Page" library="sdputils">
<arguments>
<arg>${driver}</arg>
<arg>${SDP.channel }</arg>
</arguments>
<msg timestamp="20180220 14:22:35.294" level="FAIL">error: [Errno 10061] No connection could be made because the target machine actively refused it</msg>
<status status="FAIL" endtime="20180220 14:22:35.294" starttime="20180220 14:22:34.294"></status>
</kw>
<status status="FAIL" endtime="20180220 14:22:35.294" starttime="20180220 14:22:34.294"></status>
</kw>
<test id="s1-s3-t1" name="sdp.791">
<tags>
<tag>channel</tag>
</tags>
<status status="FAIL" endtime="20180220 14:22:35.304" critical="yes" starttime="20180220 14:22:35.294">Parent suite setup failed:
error: [Errno 10061] No connection could be made because the target machine actively refused it</status>
</test>
<test id="s1-s3-t2" name="sdp.792">
<tags>
<tag>channel</tag>
</tags>
<status status="FAIL" endtime="20180220 14:22:35.304" critical="yes" starttime="20180220 14:22:35.304">Parent suite setup failed:
error: [Errno 10061] No connection could be made because the target machine actively refused it</status>
</test>
<test id="s1-s3-t3" name="sdp.793">
<tags>
<tag>channel</tag>
</tags>
<status status="FAIL" endtime="20180220 14:22:35.314" critical="yes" starttime="20180220 14:22:35.304">Parent suite setup failed:
error: [Errno 10061] No connection could be made because the target machine actively refused it</status>
</test>
<test id="s1-s3-t4" name="sdp.794">
<tags>
<tag>channel</tag>
</tags>
<status status="FAIL" endtime="20180220 14:22:35.314" critical="yes" starttime="20180220 14:22:35.314">Parent suite setup failed:
error: [Errno 10061] No connection could be made because the target machine actively refused it</status>
</test>
<test id="s1-s3-t5" name="sdp.795">
<tags>
<tag>channel</tag>
</tags>
<status status="FAIL" endtime="20180220 14:22:35.314" critical="yes" starttime="20180220 14:22:35.314">Parent suite setup failed:
error: [Errno 10061] No connection could be made because the target machine actively refused it</status>
</test>
<test id="s1-s3-t6" name="sdp.796">
<tags>
<tag>channel</tag>
</tags>
<status status="FAIL" endtime="20180220 14:22:35.314" critical="yes" starttime="20180220 14:22:35.314">Parent suite setup failed:
error: [Errno 10061] No connection could be made because the target machine actively refused it</status>
</test>
<status status="FAIL" endtime="20180220 14:22:35.324" starttime="20180220 14:22:34.284">Suite setup failed:
error: [Errno 10061] No connection could be made because the target machine actively refused it</status>
</suite>
<suite source="C:\prototype\prototype\Tests\test_client_stb.robot" id="s1-s4" name="Test Client Stb">
<kw type="setup" name="Run Keywords" library="BuiltIn">
<doc>Executes all the given keywords in a sequence.</doc>
<arguments>
<arg>Open sdp</arg>
<arg>setup_add_new_clientstb</arg>
<arg>get_data</arg>
</arguments>
<kw name="Open sdp" library="common">
<kw name="Open Browser" library="Selenium2Library">
<doc>Opens a new browser instance to the given ``url``.</doc>
<arguments>
<arg>${url}</arg>
<arg>ff</arg>
</arguments>
<msg timestamp="20180220 14:22:35.354" level="INFO">Opening browser 'ff' to base url 'https://10.92.10.215/sdpgui/index.php'.</msg>
<status status="PASS" endtime="20180220 14:22:43.922" starttime="20180220 14:22:35.344"></status>
</kw>
<kw name="Sdp Login" library="sdputils">
<doc>This method can be used for login into sdp system. If username and password</doc>
<assign>
<var>${driver}</var>
</assign>
<msg timestamp="20180220 14:22:46.923" level="INFO">{'locator': 'id', 'id': 'user'}</msg>
<msg timestamp="20180220 14:22:46.923" level="INFO">sdp</msg>
<msg timestamp="20180220 14:22:47.057" level="INFO">{'locator': 'id', 'id': 'password'}</msg>
<msg timestamp="20180220 14:22:47.057" level="INFO">sdp</msg>
<msg timestamp="20180220 14:22:54.810" level="INFO">${driver} = &lt;selenium.webdriver.firefox.webdriver.WebDriver (session="47e0c9fe-e5b6-4d83-8257-3902c302c42c")&gt;</msg>
<status status="PASS" endtime="20180220 14:22:54.810" starttime="20180220 14:22:43.923"></status>
</kw>
<kw name="Set Global Variable" library="BuiltIn">
<doc>Makes a variable available globally in all tests and suites.</doc>
<arguments>
<arg>${driver}</arg>
</arguments>
<msg timestamp="20180220 14:22:54.811" level="INFO">${driver} = &lt;selenium.webdriver.firefox.webdriver.WebDriver (session="47e0c9fe-e5b6-4d83-8257-3902c302c42c")&gt;</msg>
<status status="PASS" endtime="20180220 14:22:54.811" starttime="20180220 14:22:54.810"></status>
</kw>
<status status="PASS" endtime="20180220 14:22:54.811" starttime="20180220 14:22:35.344"></status>
</kw>
<kw name="setup_add_new_client_stb" library="client_stb">
<kw name="Get Library Instance" library="BuiltIn">
<doc>Returns the currently active instance of the specified test library.</doc>
<arguments>
<arg>sdppo</arg>
</arguments>
<assign>
<var>${SDP}</var>
</assign>
<msg timestamp="20180220 14:22:54.812" level="INFO">${SDP} = &lt;module 'sdppo' from 'C:\prototype\prototype\VBO_Objects\sdppo.pyc'&gt;</msg>
<status status="PASS" endtime="20180220 14:22:54.812" starttime="20180220 14:22:54.811"></status>
</kw>
<kw name="Open Page" library="sdputils">
<arguments>
<arg>${driver}</arg>
<arg>${SDP.client_stb}</arg>
</arguments>
<status status="PASS" endtime="20180220 14:23:01.101" starttime="20180220 14:22:54.812"></status>
</kw>
<kw name="Get Library Instance" library="BuiltIn">
<doc>Returns the currently active instance of the specified test library.</doc>
<arguments>
<arg>clientSTBPage</arg>
</arguments>
<assign>
<var>${clientstb}</var>
</assign>
<msg timestamp="20180220 14:23:01.101" level="INFO">${clientstb} = &lt;module 'clientSTBPage' from 'C:\prototype\prototype\VBO_Objects\clientSTBPage.pyc'&gt;</msg>
<status status="PASS" endtime="20180220 14:23:01.101" starttime="20180220 14:23:01.101"></status>
</kw>
<kw name="Set Global Variable" library="BuiltIn">
<doc>Makes a variable available globally in all tests and suites.</doc>
<arguments>
<arg>${clientstb}</arg>
</arguments>
<msg timestamp="20180220 14:23:01.101" level="INFO">${clientstb} = &lt;module 'clientSTBPage' from 'C:\prototype\prototype\VBO_Objects\clientSTBPage.pyc'&gt;</msg>
<status status="PASS" endtime="20180220 14:23:01.101" starttime="20180220 14:23:01.101"></status>
</kw>
<status status="PASS" endtime="20180220 14:23:01.101" starttime="20180220 14:22:54.811"></status>
</kw>
<kw name="get_data">
<kw name="Get Invalid Ip" library="data">
<assign>
<var>@{invalid_ip}</var>
</assign>
<msg timestamp="20180220 14:23:01.101" level="INFO">@{invalid_ip} = [ 256.256.256.256 | 235.256.234.253 | asad | -23.-23.-12.-34 | 224.0.0.0 | 239.255.255.255 ]</msg>
<status status="PASS" endtime="20180220 14:23:01.101" starttime="20180220 14:23:01.101"></status>
</kw>
<kw name="Set Suite Variable" library="BuiltIn">
<doc>Makes a variable available everywhere within the scope of the current suite.</doc>
<arguments>
<arg>@{invalid_ip}</arg>
</arguments>
<msg timestamp="20180220 14:23:01.101" level="INFO">@{invalid_ip} = [ 256.256.256.256 | 235.256.234.253 | asad | -23.-23.-12.-34 | 224.0.0.0 | 239.255.255.255 ]</msg>
<status status="PASS" endtime="20180220 14:23:01.111" starttime="20180220 14:23:01.101"></status>
</kw>
<status status="PASS" endtime="20180220 14:23:01.111" starttime="20180220 14:23:01.101"></status>
</kw>
<status status="PASS" endtime="20180220 14:23:01.111" starttime="20180220 14:22:35.344"></status>
</kw>
<test id="s1-s4-t1" name="validate stb description with invalid data">
<kw type="setup" name="create_client_stb" library="client_stb">
<kw name="Create New Client Stb" library="lib_files">
<arguments>
<arg>${driver}</arg>
</arguments>
<msg timestamp="20180220 14:23:03.221" level="INFO">{'name': 'GUI_0', 'error_message': "[Description] cannot be empty and cannot contain the following characters: \\ / ` ; &gt; &lt; { } ( ) | ' '' % = +", 'value': 'client - stb', 'locator': 'id', 'tooltip': "Cannot be empty and cannot contain the following characters: \\ / ` ; &gt; &lt; { } ( ) | ' '' % = +", 'id': 'GUI_0'}</msg>
<msg timestamp="20180220 14:23:03.221" level="INFO">None1</msg>
<msg timestamp="20180220 14:23:03.311" level="INFO">{'name': 'IRINT_0', 'error_message': '[Init Range] cannot be empty and must be a valid IP address but not multicast IP', 'value': '10.10.10.10', 'locator': 'id', 'tooltip': 'Cannot be empty and must be a valid IP address but not multicast IP', 'id': 'IRINT_0'}</msg>
<msg timestamp="20180220 14:23:03.311" level="INFO">None1</msg>
<msg timestamp="20180220 14:23:06.431" level="INFO">{'name': 'ERINT_0', 'error_message': '[End Range] cannot be empty and must be a valid IP address but not multicast IP', 'value': '12.12.12.12', 'locator': 'id', 'tooltip': 'Cannot be empty and must be a valid IP address but not multicast IP ', 'id': 'ERINT_0'}</msg>
<msg timestamp="20180220 14:23:06.431" level="INFO">None1</msg>
<msg timestamp="20180220 14:23:06.501" level="INFO">{'name': 'AREA_FK_0', 'error_message': '[Area] cannot be empty', 'value': 'Area-52', 'locator': 'id', 'tooltip': 'Cannot be empty ', 'id': 'AREA_FK_0'}</msg>
<msg timestamp="20180220 14:23:06.501" level="INFO">None1</msg>
<status status="PASS" endtime="20180220 14:23:06.571" starttime="20180220 14:23:01.111"></status>
</kw>
<status status="PASS" endtime="20180220 14:23:06.571" starttime="20180220 14:23:01.111"></status>
</kw>
<kw type="for" name="${data} IN [ @{invalid_name} ]">
<kw type="foritem" name="${data} = {}name1">
<kw name="validate_name" library="common">
<arguments>
<arg>${clientstb.clientSTBclass.description}</arg>
<arg>${data}</arg>
</arguments>
<kw name="Validate" library="lib_files">
<arguments>
<arg>${driver}</arg>
<arg>${field}</arg>
<arg>${data}</arg>
</arguments>
<msg timestamp="20180220 14:23:06.571" level="INFO">{'name': 'GUI_0', 'error_message': "[Description] cannot be empty and cannot contain the following characters: \\ / ` ; &gt; &lt; { } ( ) | ' '' % = +", 'value': 'client - stb', 'locator': 'id', 'tooltip': "Cannot be empty and cannot contain the following characters: \\ / ` ; &gt; &lt; { } ( ) | ' '' % = +", 'id': 'GUI_0'}</msg>
<msg timestamp="20180220 14:23:06.571" level="INFO">{}name1</msg>
<msg timestamp="20180220 14:23:06.661" level="INFO">data is  {}name1</msg>
<msg timestamp="20180220 14:23:06.661" level="FAIL">NoSuchElementException: Message: Unable to locate element: {"method":"xpath","selector":".// *[ @ id = 'buttonSaveChannel'] / table / tbody / tr / td[1] / input"}
Stacktrace:
    at FirefoxDriver.prototype.findElementInternal_ (file:///c:/users/ajayth/appdata/local/temp/tmpxqubnm/extensions/fxdriver@googlecode.com/components/driver-component.js:10770)
    at FirefoxDriver.prototype.findElement (file:///c:/users/ajayth/appdata/local/temp/tmpxqubnm/extensions/fxdriver@googlecode.com/components/driver-component.js:10779)
    at DelayedCommand.prototype.executeInternal_/h (file:///c:/users/ajayth/appdata/local/temp/tmpxqubnm/extensions/fxdriver@googlecode.com/components/command-processor.js:12661)
    at DelayedCommand.prototype.executeInternal_ (file:///c:/users/ajayth/appdata/local/temp/tmpxqubnm/extensions/fxdriver@googlecode.com/components/command-processor.js:12666)
    at DelayedCommand.prototype.execute/&lt; (file:///c:/users/ajayth/appdata/local/temp/tmpxqubnm/extensions/fxdriver@googlecode.com/components/command-processor.js:12608)</msg>
<status status="FAIL" endtime="20180220 14:23:06.661" starttime="20180220 14:23:06.571"></status>
</kw>
<status status="FAIL" endtime="20180220 14:23:06.661" starttime="20180220 14:23:06.571"></status>
</kw>
<status status="FAIL" endtime="20180220 14:23:06.661" starttime="20180220 14:23:06.571"></status>
</kw>
<kw type="foritem" name="${data} = dkfnksnv+">
<kw name="validate_name" library="common">
<arguments>
<arg>${clientstb.clientSTBclass.description}</arg>
<arg>${data}</arg>
</arguments>
<kw name="Validate" library="lib_files">
<arguments>
<arg>${driver}</arg>
<arg>${field}</arg>
<arg>${data}</arg>
</arguments>
<msg timestamp="20180220 14:23:06.661" level="INFO">{'name': 'GUI_0', 'error_message': "[Description] cannot be empty and cannot contain the following characters: \\ / ` ; &gt; &lt; { } ( ) | ' '' % = +", 'value': 'client - stb', 'locator': 'id', 'tooltip': "Cannot be empty and cannot contain the following characters: \\ / ` ; &gt; &lt; { } ( ) | ' '' % = +", 'id': 'GUI_0'}</msg>
<msg timestamp="20180220 14:23:06.661" level="INFO">dkfnksnv+</msg>
<msg timestamp="20180220 14:23:09.831" level="INFO">data is  dkfnksnv+</msg>
<msg timestamp="20180220 14:23:09.831" level="FAIL">NoSuchElementException: Message: Unable to locate element: {"method":"xpath","selector":".// *[ @ id = 'buttonSaveChannel'] / table / tbody / tr / td[1] / input"}
Stacktrace:
    at FirefoxDriver.prototype.findElementInternal_ (file:///c:/users/ajayth/appdata/local/temp/tmpxqubnm/extensions/fxdriver@googlecode.com/components/driver-component.js:10770)
    at FirefoxDriver.prototype.findElement (file:///c:/users/ajayth/appdata/local/temp/tmpxqubnm/extensions/fxdriver@googlecode.com/components/driver-component.js:10779)
    at DelayedCommand.prototype.executeInternal_/h (file:///c:/users/ajayth/appdata/local/temp/tmpxqubnm/extensions/fxdriver@googlecode.com/components/command-processor.js:12661)
    at DelayedCommand.prototype.executeInternal_ (file:///c:/users/ajayth/appdata/local/temp/tmpxqubnm/extensions/fxdriver@googlecode.com/components/command-processor.js:12666)
    at DelayedCommand.prototype.execute/&lt; (file:///c:/users/ajayth/appdata/local/temp/tmpxqubnm/extensions/fxdriver@googlecode.com/components/command-processor.js:12608)</msg>
<status status="FAIL" endtime="20180220 14:23:09.831" starttime="20180220 14:23:06.661"></status>
</kw>
<status status="FAIL" endtime="20180220 14:23:09.831" starttime="20180220 14:23:06.661"></status>
</kw>
<status status="FAIL" endtime="20180220 14:23:09.841" starttime="20180220 14:23:06.661"></status>
</kw>
<kw type="foritem" name="${data} = %fjafaj">
<kw name="validate_name" library="common">
<arguments>
<arg>${clientstb.clientSTBclass.description}</arg>
<arg>${data}</arg>
</arguments>
<kw name="Validate" library="lib_files">
<arguments>
<arg>${driver}</arg>
<arg>${field}</arg>
<arg>${data}</arg>
</arguments>
<msg timestamp="20180220 14:23:09.841" level="INFO">{'name': 'GUI_0', 'error_message': "[Description] cannot be empty and cannot contain the following characters: \\ / ` ; &gt; &lt; { } ( ) | ' '' % = +", 'value': 'client - stb', 'locator': 'id', 'tooltip': "Cannot be empty and cannot contain the following characters: \\ / ` ; &gt; &lt; { } ( ) | ' '' % = +", 'id': 'GUI_0'}</msg>
<msg timestamp="20180220 14:23:09.841" level="INFO">%fjafaj</msg>
<msg timestamp="20180220 14:23:09.921" level="INFO">data is  %fjafaj</msg>
<msg timestamp="20180220 14:23:09.921" level="FAIL">NoSuchElementException: Message: Unable to locate element: {"method":"xpath","selector":".// *[ @ id = 'buttonSaveChannel'] / table / tbody / tr / td[1] / input"}
Stacktrace:
    at FirefoxDriver.prototype.findElementInternal_ (file:///c:/users/ajayth/appdata/local/temp/tmpxqubnm/extensions/fxdriver@googlecode.com/components/driver-component.js:10770)
    at FirefoxDriver.prototype.findElement (file:///c:/users/ajayth/appdata/local/temp/tmpxqubnm/extensions/fxdriver@googlecode.com/components/driver-component.js:10779)
    at DelayedCommand.prototype.executeInternal_/h (file:///c:/users/ajayth/appdata/local/temp/tmpxqubnm/extensions/fxdriver@googlecode.com/components/command-processor.js:12661)
    at DelayedCommand.prototype.executeInternal_ (file:///c:/users/ajayth/appdata/local/temp/tmpxqubnm/extensions/fxdriver@googlecode.com/components/command-processor.js:12666)
    at DelayedCommand.prototype.execute/&lt; (file:///c:/users/ajayth/appdata/local/temp/tmpxqubnm/extensions/fxdriver@googlecode.com/components/command-processor.js:12608)</msg>
<status status="FAIL" endtime="20180220 14:23:09.921" starttime="20180220 14:23:09.841"></status>
</kw>
<status status="FAIL" endtime="20180220 14:23:09.921" starttime="20180220 14:23:09.841"></status>
</kw>
<status status="FAIL" endtime="20180220 14:23:09.921" starttime="20180220 14:23:09.841"></status>
</kw>
<kw type="foritem" name="${data} = =cajkvab">
<kw name="validate_name" library="common">
<arguments>
<arg>${clientstb.clientSTBclass.description}</arg>
<arg>${data}</arg>
</arguments>
<kw name="Validate" library="lib_files">
<arguments>
<arg>${driver}</arg>
<arg>${field}</arg>
<arg>${data}</arg>
</arguments>
<msg timestamp="20180220 14:23:09.921" level="INFO">{'name': 'GUI_0', 'error_message': "[Description] cannot be empty and cannot contain the following characters: \\ / ` ; &gt; &lt; { } ( ) | ' '' % = +", 'value': 'client - stb', 'locator': 'id', 'tooltip': "Cannot be empty and cannot contain the following characters: \\ / ` ; &gt; &lt; { } ( ) | ' '' % = +", 'id': 'GUI_0'}</msg>
<msg timestamp="20180220 14:23:09.921" level="INFO">=cajkvab</msg>
<msg timestamp="20180220 14:23:09.991" level="INFO">data is  =cajkvab</msg>
<msg timestamp="20180220 14:23:09.991" level="FAIL">NoSuchElementException: Message: Unable to locate element: {"method":"xpath","selector":".// *[ @ id = 'buttonSaveChannel'] / table / tbody / tr / td[1] / input"}
Stacktrace:
    at FirefoxDriver.prototype.findElementInternal_ (file:///c:/users/ajayth/appdata/local/temp/tmpxqubnm/extensions/fxdriver@googlecode.com/components/driver-component.js:10770)
    at FirefoxDriver.prototype.findElement (file:///c:/users/ajayth/appdata/local/temp/tmpxqubnm/extensions/fxdriver@googlecode.com/components/driver-component.js:10779)
    at DelayedCommand.prototype.executeInternal_/h (file:///c:/users/ajayth/appdata/local/temp/tmpxqubnm/extensions/fxdriver@googlecode.com/components/command-processor.js:12661)
    at DelayedCommand.prototype.executeInternal_ (file:///c:/users/ajayth/appdata/local/temp/tmpxqubnm/extensions/fxdriver@googlecode.com/components/command-processor.js:12666)
    at DelayedCommand.prototype.execute/&lt; (file:///c:/users/ajayth/appdata/local/temp/tmpxqubnm/extensions/fxdriver@googlecode.com/components/command-processor.js:12608)</msg>
<status status="FAIL" endtime="20180220 14:23:09.991" starttime="20180220 14:23:09.921"></status>
</kw>
<status status="FAIL" endtime="20180220 14:23:09.991" starttime="20180220 14:23:09.921"></status>
</kw>
<status status="FAIL" endtime="20180220 14:23:09.991" starttime="20180220 14:23:09.921"></status>
</kw>
<status status="FAIL" endtime="20180220 14:23:09.991" starttime="20180220 14:23:06.571"></status>
</kw>
<kw type="teardown" name="close" library="common">
<kw name="Click Button" library="Selenium2Library">
<doc>Clicks button identified by ``locator``.</doc>
<arguments>
<arg>xpath = //input[@value='Cancel']</arg>
</arguments>
<msg timestamp="20180220 14:23:09.991" level="INFO">Clicking button 'xpath = //input[@value='Cancel']'.</msg>
<status status="PASS" endtime="20180220 14:23:10.081" starttime="20180220 14:23:09.991"></status>
</kw>
<kw name="Sleep" library="BuiltIn">
<doc>Pauses the test executed for the given time.</doc>
<arguments>
<arg>2s</arg>
</arguments>
<msg timestamp="20180220 14:23:12.081" level="INFO">Slept 2 seconds</msg>
<status status="PASS" endtime="20180220 14:23:12.081" starttime="20180220 14:23:10.081"></status>
</kw>
<status status="PASS" endtime="20180220 14:23:12.081" starttime="20180220 14:23:09.991"></status>
</kw>
<status status="FAIL" endtime="20180220 14:23:12.081" critical="yes" starttime="20180220 14:23:01.111">Several failures occurred:

1) NoSuchElementException: Message: Unable to locate element: {"method":"xpath","selector":".// *[ @ id = 'buttonSaveChannel'] / table / tbody / tr / td[1] / input"}
Stacktrace:
    at FirefoxDriver.prototype.findElementInternal_ (file:///c:/users/ajayth/appdata/local/temp/tmpxqubnm/extensions/fxdriver@googlecode.com/components/driver-component.js:10770)
    at FirefoxDriver.prototype.findElement (file:///c:/users/ajayth/appdata/local/temp/tmpxqubnm/extensions/fxdriver@googlecode.com/components/driver-component.js:10779)
    at DelayedCommand.prototype.executeInternal_/h (file:///c:/users/ajayth/appdata/local/temp/tmpxqubnm/extensions/fxdriver@googlecode.com/components/command-processor.js:12661)
    at DelayedCommand.prototype.executeInternal_ (file:///c:/users/ajayth/appdata/local/temp/tmpxqubnm/extensions/fxdriver@googlecode.com/components/command-processor.js:12666)
    at DelayedCommand.prototype.execute/&lt; (file:///c:/users/ajayth/appdata/local/temp/tmpxqubnm/extensions/fxdriver@googlecode.com/components/command-pro...
    [ Message content over the limit has been removed. ]

4) NoSuchElementException: Message: Unable to locate element: {"method":"xpath","selector":".// *[ @ id = 'buttonSaveChannel'] / table / tbody / tr / td[1] / input"}
Stacktrace:
    at FirefoxDriver.prototype.findElementInternal_ (file:///c:/users/ajayth/appdata/local/temp/tmpxqubnm/extensions/fxdriver@googlecode.com/components/driver-component.js:10770)
    at FirefoxDriver.prototype.findElement (file:///c:/users/ajayth/appdata/local/temp/tmpxqubnm/extensions/fxdriver@googlecode.com/components/driver-component.js:10779)
    at DelayedCommand.prototype.executeInternal_/h (file:///c:/users/ajayth/appdata/local/temp/tmpxqubnm/extensions/fxdriver@googlecode.com/components/command-processor.js:12661)
    at DelayedCommand.prototype.executeInternal_ (file:///c:/users/ajayth/appdata/local/temp/tmpxqubnm/extensions/fxdriver@googlecode.com/components/command-processor.js:12666)
    at DelayedCommand.prototype.execute/&lt; (file:///c:/users/ajayth/appdata/local/temp/tmpxqubnm/extensions/fxdriver@googlecode.com/components/command-processor.js:12608)</status>
</test>
<test id="s1-s4-t2" name="validate init range with invalid data">
<kw type="setup" name="create_client_stb" library="client_stb">
<kw name="Create New Client Stb" library="lib_files">
<arguments>
<arg>${driver}</arg>
</arguments>
<msg timestamp="20180220 14:23:14.201" level="INFO">{'name': 'GUI_0', 'error_message': "[Description] cannot be empty and cannot contain the following characters: \\ / ` ; &gt; &lt; { } ( ) | ' '' % = +", 'value': 'client - stb', 'locator': 'id', 'tooltip': "Cannot be empty and cannot contain the following characters: \\ / ` ; &gt; &lt; { } ( ) | ' '' % = +", 'id': 'GUI_0'}</msg>
<msg timestamp="20180220 14:23:14.201" level="INFO">None1</msg>
<msg timestamp="20180220 14:23:14.301" level="INFO">{'name': 'IRINT_0', 'error_message': '[Init Range] cannot be empty and must be a valid IP address but not multicast IP', 'value': '10.10.10.10', 'locator': 'id', 'tooltip': 'Cannot be empty and must be a valid IP address but not multicast IP', 'id': 'IRINT_0'}</msg>
<msg timestamp="20180220 14:23:14.301" level="INFO">None1</msg>
<msg timestamp="20180220 14:23:14.361" level="INFO">{'name': 'ERINT_0', 'error_message': '[End Range] cannot be empty and must be a valid IP address but not multicast IP', 'value': '12.12.12.12', 'locator': 'id', 'tooltip': 'Cannot be empty and must be a valid IP address but not multicast IP ', 'id': 'ERINT_0'}</msg>
<msg timestamp="20180220 14:23:14.361" level="INFO">None1</msg>
<msg timestamp="20180220 14:23:14.421" level="INFO">{'name': 'AREA_FK_0', 'error_message': '[Area] cannot be empty', 'value': 'Area-52', 'locator': 'id', 'tooltip': 'Cannot be empty ', 'id': 'AREA_FK_0'}</msg>
<msg timestamp="20180220 14:23:14.421" level="INFO">None1</msg>
<status status="PASS" endtime="20180220 14:23:14.471" starttime="20180220 14:23:12.091"></status>
</kw>
<status status="PASS" endtime="20180220 14:23:14.471" starttime="20180220 14:23:12.091"></status>
</kw>
<kw type="for" name="${data} IN [ @{invalid_ip} ]">
<kw type="foritem" name="${data} = 256.256.256.256">
<kw name="validate_name" library="common">
<arguments>
<arg>${clientstb.clientSTBclass.init_range}</arg>
<arg>${data}</arg>
</arguments>
<kw name="Validate" library="lib_files">
<arguments>
<arg>${driver}</arg>
<arg>${field}</arg>
<arg>${data}</arg>
</arguments>
<msg timestamp="20180220 14:23:14.471" level="INFO">{'name': 'IRINT_0', 'error_message': '[Init Range] cannot be empty and must be a valid IP address but not multicast IP', 'value': '10.10.10.10', 'locator': 'id', 'tooltip': 'Cannot be empty and must be a valid IP address but not multicast IP', 'id': 'IRINT_0'}</msg>
<msg timestamp="20180220 14:23:14.471" level="INFO">256.256.256.256</msg>
<msg timestamp="20180220 14:23:14.551" level="INFO">data is  256.256.256.256</msg>
<msg timestamp="20180220 14:23:14.551" level="FAIL">NoSuchElementException: Message: Unable to locate element: {"method":"xpath","selector":".// *[ @ id = 'buttonSaveChannel'] / table / tbody / tr / td[1] / input"}
Stacktrace:
    at FirefoxDriver.prototype.findElementInternal_ (file:///c:/users/ajayth/appdata/local/temp/tmpxqubnm/extensions/fxdriver@googlecode.com/components/driver-component.js:10770)
    at FirefoxDriver.prototype.findElement (file:///c:/users/ajayth/appdata/local/temp/tmpxqubnm/extensions/fxdriver@googlecode.com/components/driver-component.js:10779)
    at DelayedCommand.prototype.executeInternal_/h (file:///c:/users/ajayth/appdata/local/temp/tmpxqubnm/extensions/fxdriver@googlecode.com/components/command-processor.js:12661)
    at DelayedCommand.prototype.executeInternal_ (file:///c:/users/ajayth/appdata/local/temp/tmpxqubnm/extensions/fxdriver@googlecode.com/components/command-processor.js:12666)
    at DelayedCommand.prototype.execute/&lt; (file:///c:/users/ajayth/appdata/local/temp/tmpxqubnm/extensions/fxdriver@googlecode.com/components/command-processor.js:12608)</msg>
<status status="FAIL" endtime="20180220 14:23:14.551" starttime="20180220 14:23:14.471"></status>
</kw>
<status status="FAIL" endtime="20180220 14:23:14.551" starttime="20180220 14:23:14.471"></status>
</kw>
<status status="FAIL" endtime="20180220 14:23:14.551" starttime="20180220 14:23:14.471"></status>
</kw>
<kw type="foritem" name="${data} = 235.256.234.253">
<kw name="validate_name" library="common">
<arguments>
<arg>${clientstb.clientSTBclass.init_range}</arg>
<arg>${data}</arg>
</arguments>
<kw name="Validate" library="lib_files">
<arguments>
<arg>${driver}</arg>
<arg>${field}</arg>
<arg>${data}</arg>
</arguments>
<msg timestamp="20180220 14:23:14.561" level="INFO">{'name': 'IRINT_0', 'error_message': '[Init Range] cannot be empty and must be a valid IP address but not multicast IP', 'value': '10.10.10.10', 'locator': 'id', 'tooltip': 'Cannot be empty and must be a valid IP address but not multicast IP', 'id': 'IRINT_0'}</msg>
<msg timestamp="20180220 14:23:14.561" level="INFO">235.256.234.253</msg>
<msg timestamp="20180220 14:23:14.631" level="INFO">data is  235.256.234.253</msg>
<msg timestamp="20180220 14:23:14.631" level="FAIL">NoSuchElementException: Message: Unable to locate element: {"method":"xpath","selector":".// *[ @ id = 'buttonSaveChannel'] / table / tbody / tr / td[1] / input"}
Stacktrace:
    at FirefoxDriver.prototype.findElementInternal_ (file:///c:/users/ajayth/appdata/local/temp/tmpxqubnm/extensions/fxdriver@googlecode.com/components/driver-component.js:10770)
    at FirefoxDriver.prototype.findElement (file:///c:/users/ajayth/appdata/local/temp/tmpxqubnm/extensions/fxdriver@googlecode.com/components/driver-component.js:10779)
    at DelayedCommand.prototype.executeInternal_/h (file:///c:/users/ajayth/appdata/local/temp/tmpxqubnm/extensions/fxdriver@googlecode.com/components/command-processor.js:12661)
    at DelayedCommand.prototype.executeInternal_ (file:///c:/users/ajayth/appdata/local/temp/tmpxqubnm/extensions/fxdriver@googlecode.com/components/command-processor.js:12666)
    at DelayedCommand.prototype.execute/&lt; (file:///c:/users/ajayth/appdata/local/temp/tmpxqubnm/extensions/fxdriver@googlecode.com/components/command-processor.js:12608)</msg>
<status status="FAIL" endtime="20180220 14:23:14.641" starttime="20180220 14:23:14.551"></status>
</kw>
<status status="FAIL" endtime="20180220 14:23:14.641" starttime="20180220 14:23:14.551"></status>
</kw>
<status status="FAIL" endtime="20180220 14:23:14.641" starttime="20180220 14:23:14.551"></status>
</kw>
<kw type="foritem" name="${data} = asad">
<kw name="validate_name" library="common">
<arguments>
<arg>${clientstb.clientSTBclass.init_range}</arg>
<arg>${data}</arg>
</arguments>
<kw name="Validate" library="lib_files">
<arguments>
<arg>${driver}</arg>
<arg>${field}</arg>
<arg>${data}</arg>
</arguments>
<msg timestamp="20180220 14:23:14.641" level="INFO">{'name': 'IRINT_0', 'error_message': '[Init Range] cannot be empty and must be a valid IP address but not multicast IP', 'value': '10.10.10.10', 'locator': 'id', 'tooltip': 'Cannot be empty and must be a valid IP address but not multicast IP', 'id': 'IRINT_0'}</msg>
<msg timestamp="20180220 14:23:14.641" level="INFO">asad</msg>
<msg timestamp="20180220 14:23:14.701" level="INFO">data is  asad</msg>
<msg timestamp="20180220 14:23:14.701" level="FAIL">NoSuchElementException: Message: Unable to locate element: {"method":"xpath","selector":".// *[ @ id = 'buttonSaveChannel'] / table / tbody / tr / td[1] / input"}
Stacktrace:
    at FirefoxDriver.prototype.findElementInternal_ (file:///c:/users/ajayth/appdata/local/temp/tmpxqubnm/extensions/fxdriver@googlecode.com/components/driver-component.js:10770)
    at FirefoxDriver.prototype.findElement (file:///c:/users/ajayth/appdata/local/temp/tmpxqubnm/extensions/fxdriver@googlecode.com/components/driver-component.js:10779)
    at DelayedCommand.prototype.executeInternal_/h (file:///c:/users/ajayth/appdata/local/temp/tmpxqubnm/extensions/fxdriver@googlecode.com/components/command-processor.js:12661)
    at DelayedCommand.prototype.executeInternal_ (file:///c:/users/ajayth/appdata/local/temp/tmpxqubnm/extensions/fxdriver@googlecode.com/components/command-processor.js:12666)
    at DelayedCommand.prototype.execute/&lt; (file:///c:/users/ajayth/appdata/local/temp/tmpxqubnm/extensions/fxdriver@googlecode.com/components/command-processor.js:12608)</msg>
<status status="FAIL" endtime="20180220 14:23:14.701" starttime="20180220 14:23:14.641"></status>
</kw>
<status status="FAIL" endtime="20180220 14:23:14.701" starttime="20180220 14:23:14.641"></status>
</kw>
<status status="FAIL" endtime="20180220 14:23:14.701" starttime="20180220 14:23:14.641"></status>
</kw>
<kw type="foritem" name="${data} = -23.-23.-12.-34">
<kw name="validate_name" library="common">
<arguments>
<arg>${clientstb.clientSTBclass.init_range}</arg>
<arg>${data}</arg>
</arguments>
<kw name="Validate" library="lib_files">
<arguments>
<arg>${driver}</arg>
<arg>${field}</arg>
<arg>${data}</arg>
</arguments>
<msg timestamp="20180220 14:23:14.701" level="INFO">{'name': 'IRINT_0', 'error_message': '[Init Range] cannot be empty and must be a valid IP address but not multicast IP', 'value': '10.10.10.10', 'locator': 'id', 'tooltip': 'Cannot be empty and must be a valid IP address but not multicast IP', 'id': 'IRINT_0'}</msg>
<msg timestamp="20180220 14:23:14.701" level="INFO">-23.-23.-12.-34</msg>
<msg timestamp="20180220 14:23:14.771" level="INFO">data is  -23.-23.-12.-34</msg>
<msg timestamp="20180220 14:23:14.771" level="FAIL">NoSuchElementException: Message: Unable to locate element: {"method":"xpath","selector":".// *[ @ id = 'buttonSaveChannel'] / table / tbody / tr / td[1] / input"}
Stacktrace:
    at FirefoxDriver.prototype.findElementInternal_ (file:///c:/users/ajayth/appdata/local/temp/tmpxqubnm/extensions/fxdriver@googlecode.com/components/driver-component.js:10770)
    at FirefoxDriver.prototype.findElement (file:///c:/users/ajayth/appdata/local/temp/tmpxqubnm/extensions/fxdriver@googlecode.com/components/driver-component.js:10779)
    at DelayedCommand.prototype.executeInternal_/h (file:///c:/users/ajayth/appdata/local/temp/tmpxqubnm/extensions/fxdriver@googlecode.com/components/command-processor.js:12661)
    at DelayedCommand.prototype.executeInternal_ (file:///c:/users/ajayth/appdata/local/temp/tmpxqubnm/extensions/fxdriver@googlecode.com/components/command-processor.js:12666)
    at DelayedCommand.prototype.execute/&lt; (file:///c:/users/ajayth/appdata/local/temp/tmpxqubnm/extensions/fxdriver@googlecode.com/components/command-processor.js:12608)</msg>
<status status="FAIL" endtime="20180220 14:23:14.771" starttime="20180220 14:23:14.701"></status>
</kw>
<status status="FAIL" endtime="20180220 14:23:14.771" starttime="20180220 14:23:14.701"></status>
</kw>
<status status="FAIL" endtime="20180220 14:23:14.771" starttime="20180220 14:23:14.701"></status>
</kw>
<kw type="foritem" name="${data} = 224.0.0.0">
<kw name="validate_name" library="common">
<arguments>
<arg>${clientstb.clientSTBclass.init_range}</arg>
<arg>${data}</arg>
</arguments>
<kw name="Validate" library="lib_files">
<arguments>
<arg>${driver}</arg>
<arg>${field}</arg>
<arg>${data}</arg>
</arguments>
<msg timestamp="20180220 14:23:14.771" level="INFO">{'name': 'IRINT_0', 'error_message': '[Init Range] cannot be empty and must be a valid IP address but not multicast IP', 'value': '10.10.10.10', 'locator': 'id', 'tooltip': 'Cannot be empty and must be a valid IP address but not multicast IP', 'id': 'IRINT_0'}</msg>
<msg timestamp="20180220 14:23:14.771" level="INFO">224.0.0.0</msg>
<msg timestamp="20180220 14:23:14.841" level="INFO">data is  224.0.0.0</msg>
<msg timestamp="20180220 14:23:14.841" level="FAIL">NoSuchElementException: Message: Unable to locate element: {"method":"xpath","selector":".// *[ @ id = 'buttonSaveChannel'] / table / tbody / tr / td[1] / input"}
Stacktrace:
    at FirefoxDriver.prototype.findElementInternal_ (file:///c:/users/ajayth/appdata/local/temp/tmpxqubnm/extensions/fxdriver@googlecode.com/components/driver-component.js:10770)
    at FirefoxDriver.prototype.findElement (file:///c:/users/ajayth/appdata/local/temp/tmpxqubnm/extensions/fxdriver@googlecode.com/components/driver-component.js:10779)
    at DelayedCommand.prototype.executeInternal_/h (file:///c:/users/ajayth/appdata/local/temp/tmpxqubnm/extensions/fxdriver@googlecode.com/components/command-processor.js:12661)
    at DelayedCommand.prototype.executeInternal_ (file:///c:/users/ajayth/appdata/local/temp/tmpxqubnm/extensions/fxdriver@googlecode.com/components/command-processor.js:12666)
    at DelayedCommand.prototype.execute/&lt; (file:///c:/users/ajayth/appdata/local/temp/tmpxqubnm/extensions/fxdriver@googlecode.com/components/command-processor.js:12608)</msg>
<status status="FAIL" endtime="20180220 14:23:14.841" starttime="20180220 14:23:14.771"></status>
</kw>
<status status="FAIL" endtime="20180220 14:23:14.841" starttime="20180220 14:23:14.771"></status>
</kw>
<status status="FAIL" endtime="20180220 14:23:14.841" starttime="20180220 14:23:14.771"></status>
</kw>
<kw type="foritem" name="${data} = 239.255.255.255">
<kw name="validate_name" library="common">
<arguments>
<arg>${clientstb.clientSTBclass.init_range}</arg>
<arg>${data}</arg>
</arguments>
<kw name="Validate" library="lib_files">
<arguments>
<arg>${driver}</arg>
<arg>${field}</arg>
<arg>${data}</arg>
</arguments>
<msg timestamp="20180220 14:23:14.841" level="INFO">{'name': 'IRINT_0', 'error_message': '[Init Range] cannot be empty and must be a valid IP address but not multicast IP', 'value': '10.10.10.10', 'locator': 'id', 'tooltip': 'Cannot be empty and must be a valid IP address but not multicast IP', 'id': 'IRINT_0'}</msg>
<msg timestamp="20180220 14:23:14.841" level="INFO">239.255.255.255</msg>
<msg timestamp="20180220 14:23:14.921" level="INFO">data is  239.255.255.255</msg>
<msg timestamp="20180220 14:23:14.921" level="FAIL">NoSuchElementException: Message: Unable to locate element: {"method":"xpath","selector":".// *[ @ id = 'buttonSaveChannel'] / table / tbody / tr / td[1] / input"}
Stacktrace:
    at FirefoxDriver.prototype.findElementInternal_ (file:///c:/users/ajayth/appdata/local/temp/tmpxqubnm/extensions/fxdriver@googlecode.com/components/driver-component.js:10770)
    at FirefoxDriver.prototype.findElement (file:///c:/users/ajayth/appdata/local/temp/tmpxqubnm/extensions/fxdriver@googlecode.com/components/driver-component.js:10779)
    at DelayedCommand.prototype.executeInternal_/h (file:///c:/users/ajayth/appdata/local/temp/tmpxqubnm/extensions/fxdriver@googlecode.com/components/command-processor.js:12661)
    at DelayedCommand.prototype.executeInternal_ (file:///c:/users/ajayth/appdata/local/temp/tmpxqubnm/extensions/fxdriver@googlecode.com/components/command-processor.js:12666)
    at DelayedCommand.prototype.execute/&lt; (file:///c:/users/ajayth/appdata/local/temp/tmpxqubnm/extensions/fxdriver@googlecode.com/components/command-processor.js:12608)</msg>
<status status="FAIL" endtime="20180220 14:23:14.921" starttime="20180220 14:23:14.841"></status>
</kw>
<status status="FAIL" endtime="20180220 14:23:14.921" starttime="20180220 14:23:14.841"></status>
</kw>
<status status="FAIL" endtime="20180220 14:23:14.921" starttime="20180220 14:23:14.841"></status>
</kw>
<status status="FAIL" endtime="20180220 14:23:14.921" starttime="20180220 14:23:14.471"></status>
</kw>
<kw type="teardown" name="close" library="common">
<kw name="Click Button" library="Selenium2Library">
<doc>Clicks button identified by ``locator``.</doc>
<arguments>
<arg>xpath = //input[@value='Cancel']</arg>
</arguments>
<msg timestamp="20180220 14:23:14.921" level="INFO">Clicking button 'xpath = //input[@value='Cancel']'.</msg>
<status status="PASS" endtime="20180220 14:23:15.011" starttime="20180220 14:23:14.921"></status>
</kw>
<kw name="Sleep" library="BuiltIn">
<doc>Pauses the test executed for the given time.</doc>
<arguments>
<arg>2s</arg>
</arguments>
<msg timestamp="20180220 14:23:17.011" level="INFO">Slept 2 seconds</msg>
<status status="PASS" endtime="20180220 14:23:17.011" starttime="20180220 14:23:15.011"></status>
</kw>
<status status="PASS" endtime="20180220 14:23:17.011" starttime="20180220 14:23:14.921"></status>
</kw>
<status status="FAIL" endtime="20180220 14:23:17.011" critical="yes" starttime="20180220 14:23:12.081">Several failures occurred:

1) NoSuchElementException: Message: Unable to locate element: {"method":"xpath","selector":".// *[ @ id = 'buttonSaveChannel'] / table / tbody / tr / td[1] / input"}
Stacktrace:
    at FirefoxDriver.prototype.findElementInternal_ (file:///c:/users/ajayth/appdata/local/temp/tmpxqubnm/extensions/fxdriver@googlecode.com/components/driver-component.js:10770)
    at FirefoxDriver.prototype.findElement (file:///c:/users/ajayth/appdata/local/temp/tmpxqubnm/extensions/fxdriver@googlecode.com/components/driver-component.js:10779)
    at DelayedCommand.prototype.executeInternal_/h (file:///c:/users/ajayth/appdata/local/temp/tmpxqubnm/extensions/fxdriver@googlecode.com/components/command-processor.js:12661)
    at DelayedCommand.prototype.executeInternal_ (file:///c:/users/ajayth/appdata/local/temp/tmpxqubnm/extensions/fxdriver@googlecode.com/components/command-processor.js:12666)
    at DelayedCommand.prototype.execute/&lt; (file:///c:/users/ajayth/appdata/local/temp/tmpxqubnm/extensions/fxdriver@googlecode.com/components/command-pro...
    [ Message content over the limit has been removed. ]

6) NoSuchElementException: Message: Unable to locate element: {"method":"xpath","selector":".// *[ @ id = 'buttonSaveChannel'] / table / tbody / tr / td[1] / input"}
Stacktrace:
    at FirefoxDriver.prototype.findElementInternal_ (file:///c:/users/ajayth/appdata/local/temp/tmpxqubnm/extensions/fxdriver@googlecode.com/components/driver-component.js:10770)
    at FirefoxDriver.prototype.findElement (file:///c:/users/ajayth/appdata/local/temp/tmpxqubnm/extensions/fxdriver@googlecode.com/components/driver-component.js:10779)
    at DelayedCommand.prototype.executeInternal_/h (file:///c:/users/ajayth/appdata/local/temp/tmpxqubnm/extensions/fxdriver@googlecode.com/components/command-processor.js:12661)
    at DelayedCommand.prototype.executeInternal_ (file:///c:/users/ajayth/appdata/local/temp/tmpxqubnm/extensions/fxdriver@googlecode.com/components/command-processor.js:12666)
    at DelayedCommand.prototype.execute/&lt; (file:///c:/users/ajayth/appdata/local/temp/tmpxqubnm/extensions/fxdriver@googlecode.com/components/command-processor.js:12608)</status>
</test>
<test id="s1-s4-t3" name="validate end range with invalid data">
<kw type="setup" name="create_client_stb" library="client_stb">
<kw name="Create New Client Stb" library="lib_files">
<arguments>
<arg>${driver}</arg>
</arguments>
<msg timestamp="20180220 14:23:19.131" level="INFO">{'name': 'GUI_0', 'error_message': "[Description] cannot be empty and cannot contain the following characters: \\ / ` ; &gt; &lt; { } ( ) | ' '' % = +", 'value': 'client - stb', 'locator': 'id', 'tooltip': "Cannot be empty and cannot contain the following characters: \\ / ` ; &gt; &lt; { } ( ) | ' '' % = +", 'id': 'GUI_0'}</msg>
<msg timestamp="20180220 14:23:19.131" level="INFO">None1</msg>
<msg timestamp="20180220 14:23:19.231" level="INFO">{'name': 'IRINT_0', 'error_message': '[Init Range] cannot be empty and must be a valid IP address but not multicast IP', 'value': '10.10.10.10', 'locator': 'id', 'tooltip': 'Cannot be empty and must be a valid IP address but not multicast IP', 'id': 'IRINT_0'}</msg>
<msg timestamp="20180220 14:23:19.231" level="INFO">None1</msg>
<msg timestamp="20180220 14:23:19.291" level="INFO">{'name': 'ERINT_0', 'error_message': '[End Range] cannot be empty and must be a valid IP address but not multicast IP', 'value': '12.12.12.12', 'locator': 'id', 'tooltip': 'Cannot be empty and must be a valid IP address but not multicast IP ', 'id': 'ERINT_0'}</msg>
<msg timestamp="20180220 14:23:19.291" level="INFO">None1</msg>
<msg timestamp="20180220 14:23:19.371" level="INFO">{'name': 'AREA_FK_0', 'error_message': '[Area] cannot be empty', 'value': 'Area-52', 'locator': 'id', 'tooltip': 'Cannot be empty ', 'id': 'AREA_FK_0'}</msg>
<msg timestamp="20180220 14:23:19.371" level="INFO">None1</msg>
<status status="PASS" endtime="20180220 14:23:19.421" starttime="20180220 14:23:17.021"></status>
</kw>
<status status="PASS" endtime="20180220 14:23:19.421" starttime="20180220 14:23:17.021"></status>
</kw>
<kw type="for" name="${data} IN [ @{invalid_ip} ]">
<kw type="foritem" name="${data} = 256.256.256.256">
<kw name="validate_name" library="common">
<arguments>
<arg>${clientstb.clientSTBclass.end_range}</arg>
<arg>${data}</arg>
</arguments>
<kw name="Validate" library="lib_files">
<arguments>
<arg>${driver}</arg>
<arg>${field}</arg>
<arg>${data}</arg>
</arguments>
<msg timestamp="20180220 14:23:19.421" level="INFO">{'name': 'ERINT_0', 'error_message': '[End Range] cannot be empty and must be a valid IP address but not multicast IP', 'value': '12.12.12.12', 'locator': 'id', 'tooltip': 'Cannot be empty and must be a valid IP address but not multicast IP ', 'id': 'ERINT_0'}</msg>
<msg timestamp="20180220 14:23:19.421" level="INFO">256.256.256.256</msg>
<msg timestamp="20180220 14:23:19.501" level="INFO">data is  256.256.256.256</msg>
<msg timestamp="20180220 14:23:19.511" level="FAIL">NoSuchElementException: Message: Unable to locate element: {"method":"xpath","selector":".// *[ @ id = 'buttonSaveChannel'] / table / tbody / tr / td[1] / input"}
Stacktrace:
    at FirefoxDriver.prototype.findElementInternal_ (file:///c:/users/ajayth/appdata/local/temp/tmpxqubnm/extensions/fxdriver@googlecode.com/components/driver-component.js:10770)
    at FirefoxDriver.prototype.findElement (file:///c:/users/ajayth/appdata/local/temp/tmpxqubnm/extensions/fxdriver@googlecode.com/components/driver-component.js:10779)
    at DelayedCommand.prototype.executeInternal_/h (file:///c:/users/ajayth/appdata/local/temp/tmpxqubnm/extensions/fxdriver@googlecode.com/components/command-processor.js:12661)
    at DelayedCommand.prototype.executeInternal_ (file:///c:/users/ajayth/appdata/local/temp/tmpxqubnm/extensions/fxdriver@googlecode.com/components/command-processor.js:12666)
    at DelayedCommand.prototype.execute/&lt; (file:///c:/users/ajayth/appdata/local/temp/tmpxqubnm/extensions/fxdriver@googlecode.com/components/command-processor.js:12608)</msg>
<status status="FAIL" endtime="20180220 14:23:19.511" starttime="20180220 14:23:19.421"></status>
</kw>
<status status="FAIL" endtime="20180220 14:23:19.511" starttime="20180220 14:23:19.421"></status>
</kw>
<status status="FAIL" endtime="20180220 14:23:19.511" starttime="20180220 14:23:19.421"></status>
</kw>
<kw type="foritem" name="${data} = 235.256.234.253">
<kw name="validate_name" library="common">
<arguments>
<arg>${clientstb.clientSTBclass.end_range}</arg>
<arg>${data}</arg>
</arguments>
<kw name="Validate" library="lib_files">
<arguments>
<arg>${driver}</arg>
<arg>${field}</arg>
<arg>${data}</arg>
</arguments>
<msg timestamp="20180220 14:23:19.511" level="INFO">{'name': 'ERINT_0', 'error_message': '[End Range] cannot be empty and must be a valid IP address but not multicast IP', 'value': '12.12.12.12', 'locator': 'id', 'tooltip': 'Cannot be empty and must be a valid IP address but not multicast IP ', 'id': 'ERINT_0'}</msg>
<msg timestamp="20180220 14:23:19.511" level="INFO">235.256.234.253</msg>
<msg timestamp="20180220 14:23:19.581" level="INFO">data is  235.256.234.253</msg>
<msg timestamp="20180220 14:23:19.581" level="FAIL">NoSuchElementException: Message: Unable to locate element: {"method":"xpath","selector":".// *[ @ id = 'buttonSaveChannel'] / table / tbody / tr / td[1] / input"}
Stacktrace:
    at FirefoxDriver.prototype.findElementInternal_ (file:///c:/users/ajayth/appdata/local/temp/tmpxqubnm/extensions/fxdriver@googlecode.com/components/driver-component.js:10770)
    at FirefoxDriver.prototype.findElement (file:///c:/users/ajayth/appdata/local/temp/tmpxqubnm/extensions/fxdriver@googlecode.com/components/driver-component.js:10779)
    at DelayedCommand.prototype.executeInternal_/h (file:///c:/users/ajayth/appdata/local/temp/tmpxqubnm/extensions/fxdriver@googlecode.com/components/command-processor.js:12661)
    at DelayedCommand.prototype.executeInternal_ (file:///c:/users/ajayth/appdata/local/temp/tmpxqubnm/extensions/fxdriver@googlecode.com/components/command-processor.js:12666)
    at DelayedCommand.prototype.execute/&lt; (file:///c:/users/ajayth/appdata/local/temp/tmpxqubnm/extensions/fxdriver@googlecode.com/components/command-processor.js:12608)</msg>
<status status="FAIL" endtime="20180220 14:23:19.581" starttime="20180220 14:23:19.511"></status>
</kw>
<status status="FAIL" endtime="20180220 14:23:19.591" starttime="20180220 14:23:19.511"></status>
</kw>
<status status="FAIL" endtime="20180220 14:23:19.591" starttime="20180220 14:23:19.511"></status>
</kw>
<kw type="foritem" name="${data} = asad">
<kw name="validate_name" library="common">
<arguments>
<arg>${clientstb.clientSTBclass.end_range}</arg>
<arg>${data}</arg>
</arguments>
<kw name="Validate" library="lib_files">
<arguments>
<arg>${driver}</arg>
<arg>${field}</arg>
<arg>${data}</arg>
</arguments>
<msg timestamp="20180220 14:23:19.591" level="INFO">{'name': 'ERINT_0', 'error_message': '[End Range] cannot be empty and must be a valid IP address but not multicast IP', 'value': '12.12.12.12', 'locator': 'id', 'tooltip': 'Cannot be empty and must be a valid IP address but not multicast IP ', 'id': 'ERINT_0'}</msg>
<msg timestamp="20180220 14:23:19.591" level="INFO">asad</msg>
<msg timestamp="20180220 14:23:19.641" level="INFO">data is  asad</msg>
<msg timestamp="20180220 14:23:19.641" level="FAIL">NoSuchElementException: Message: Unable to locate element: {"method":"xpath","selector":".// *[ @ id = 'buttonSaveChannel'] / table / tbody / tr / td[1] / input"}
Stacktrace:
    at FirefoxDriver.prototype.findElementInternal_ (file:///c:/users/ajayth/appdata/local/temp/tmpxqubnm/extensions/fxdriver@googlecode.com/components/driver-component.js:10770)
    at FirefoxDriver.prototype.findElement (file:///c:/users/ajayth/appdata/local/temp/tmpxqubnm/extensions/fxdriver@googlecode.com/components/driver-component.js:10779)
    at DelayedCommand.prototype.executeInternal_/h (file:///c:/users/ajayth/appdata/local/temp/tmpxqubnm/extensions/fxdriver@googlecode.com/components/command-processor.js:12661)
    at DelayedCommand.prototype.executeInternal_ (file:///c:/users/ajayth/appdata/local/temp/tmpxqubnm/extensions/fxdriver@googlecode.com/components/command-processor.js:12666)
    at DelayedCommand.prototype.execute/&lt; (file:///c:/users/ajayth/appdata/local/temp/tmpxqubnm/extensions/fxdriver@googlecode.com/components/command-processor.js:12608)</msg>
<status status="FAIL" endtime="20180220 14:23:19.641" starttime="20180220 14:23:19.591"></status>
</kw>
<status status="FAIL" endtime="20180220 14:23:19.641" starttime="20180220 14:23:19.591"></status>
</kw>
<status status="FAIL" endtime="20180220 14:23:19.641" starttime="20180220 14:23:19.591"></status>
</kw>
<kw type="foritem" name="${data} = -23.-23.-12.-34">
<kw name="validate_name" library="common">
<arguments>
<arg>${clientstb.clientSTBclass.end_range}</arg>
<arg>${data}</arg>
</arguments>
<kw name="Validate" library="lib_files">
<arguments>
<arg>${driver}</arg>
<arg>${field}</arg>
<arg>${data}</arg>
</arguments>
<msg timestamp="20180220 14:23:19.651" level="INFO">{'name': 'ERINT_0', 'error_message': '[End Range] cannot be empty and must be a valid IP address but not multicast IP', 'value': '12.12.12.12', 'locator': 'id', 'tooltip': 'Cannot be empty and must be a valid IP address but not multicast IP ', 'id': 'ERINT_0'}</msg>
<msg timestamp="20180220 14:23:19.651" level="INFO">-23.-23.-12.-34</msg>
<msg timestamp="20180220 14:23:19.711" level="INFO">data is  -23.-23.-12.-34</msg>
<msg timestamp="20180220 14:23:19.711" level="FAIL">NoSuchElementException: Message: Unable to locate element: {"method":"xpath","selector":".// *[ @ id = 'buttonSaveChannel'] / table / tbody / tr / td[1] / input"}
Stacktrace:
    at FirefoxDriver.prototype.findElementInternal_ (file:///c:/users/ajayth/appdata/local/temp/tmpxqubnm/extensions/fxdriver@googlecode.com/components/driver-component.js:10770)
    at FirefoxDriver.prototype.findElement (file:///c:/users/ajayth/appdata/local/temp/tmpxqubnm/extensions/fxdriver@googlecode.com/components/driver-component.js:10779)
    at DelayedCommand.prototype.executeInternal_/h (file:///c:/users/ajayth/appdata/local/temp/tmpxqubnm/extensions/fxdriver@googlecode.com/components/command-processor.js:12661)
    at DelayedCommand.prototype.executeInternal_ (file:///c:/users/ajayth/appdata/local/temp/tmpxqubnm/extensions/fxdriver@googlecode.com/components/command-processor.js:12666)
    at DelayedCommand.prototype.execute/&lt; (file:///c:/users/ajayth/appdata/local/temp/tmpxqubnm/extensions/fxdriver@googlecode.com/components/command-processor.js:12608)</msg>
<status status="FAIL" endtime="20180220 14:23:19.711" starttime="20180220 14:23:19.651"></status>
</kw>
<status status="FAIL" endtime="20180220 14:23:19.711" starttime="20180220 14:23:19.641"></status>
</kw>
<status status="FAIL" endtime="20180220 14:23:19.711" starttime="20180220 14:23:19.641"></status>
</kw>
<kw type="foritem" name="${data} = 224.0.0.0">
<kw name="validate_name" library="common">
<arguments>
<arg>${clientstb.clientSTBclass.end_range}</arg>
<arg>${data}</arg>
</arguments>
<kw name="Validate" library="lib_files">
<arguments>
<arg>${driver}</arg>
<arg>${field}</arg>
<arg>${data}</arg>
</arguments>
<msg timestamp="20180220 14:23:19.721" level="INFO">{'name': 'ERINT_0', 'error_message': '[End Range] cannot be empty and must be a valid IP address but not multicast IP', 'value': '12.12.12.12', 'locator': 'id', 'tooltip': 'Cannot be empty and must be a valid IP address but not multicast IP ', 'id': 'ERINT_0'}</msg>
<msg timestamp="20180220 14:23:19.721" level="INFO">224.0.0.0</msg>
<msg timestamp="20180220 14:23:19.781" level="INFO">data is  224.0.0.0</msg>
<msg timestamp="20180220 14:23:19.781" level="FAIL">NoSuchElementException: Message: Unable to locate element: {"method":"xpath","selector":".// *[ @ id = 'buttonSaveChannel'] / table / tbody / tr / td[1] / input"}
Stacktrace:
    at FirefoxDriver.prototype.findElementInternal_ (file:///c:/users/ajayth/appdata/local/temp/tmpxqubnm/extensions/fxdriver@googlecode.com/components/driver-component.js:10770)
    at FirefoxDriver.prototype.findElement (file:///c:/users/ajayth/appdata/local/temp/tmpxqubnm/extensions/fxdriver@googlecode.com/components/driver-component.js:10779)
    at DelayedCommand.prototype.executeInternal_/h (file:///c:/users/ajayth/appdata/local/temp/tmpxqubnm/extensions/fxdriver@googlecode.com/components/command-processor.js:12661)
    at DelayedCommand.prototype.executeInternal_ (file:///c:/users/ajayth/appdata/local/temp/tmpxqubnm/extensions/fxdriver@googlecode.com/components/command-processor.js:12666)
    at DelayedCommand.prototype.execute/&lt; (file:///c:/users/ajayth/appdata/local/temp/tmpxqubnm/extensions/fxdriver@googlecode.com/components/command-processor.js:12608)</msg>
<status status="FAIL" endtime="20180220 14:23:19.781" starttime="20180220 14:23:19.721"></status>
</kw>
<status status="FAIL" endtime="20180220 14:23:19.781" starttime="20180220 14:23:19.721"></status>
</kw>
<status status="FAIL" endtime="20180220 14:23:19.781" starttime="20180220 14:23:19.721"></status>
</kw>
<kw type="foritem" name="${data} = 239.255.255.255">
<kw name="validate_name" library="common">
<arguments>
<arg>${clientstb.clientSTBclass.end_range}</arg>
<arg>${data}</arg>
</arguments>
<kw name="Validate" library="lib_files">
<arguments>
<arg>${driver}</arg>
<arg>${field}</arg>
<arg>${data}</arg>
</arguments>
<msg timestamp="20180220 14:23:19.791" level="INFO">{'name': 'ERINT_0', 'error_message': '[End Range] cannot be empty and must be a valid IP address but not multicast IP', 'value': '12.12.12.12', 'locator': 'id', 'tooltip': 'Cannot be empty and must be a valid IP address but not multicast IP ', 'id': 'ERINT_0'}</msg>
<msg timestamp="20180220 14:23:19.791" level="INFO">239.255.255.255</msg>
<msg timestamp="20180220 14:23:19.851" level="INFO">data is  239.255.255.255</msg>
<msg timestamp="20180220 14:23:19.851" level="FAIL">NoSuchElementException: Message: Unable to locate element: {"method":"xpath","selector":".// *[ @ id = 'buttonSaveChannel'] / table / tbody / tr / td[1] / input"}
Stacktrace:
    at FirefoxDriver.prototype.findElementInternal_ (file:///c:/users/ajayth/appdata/local/temp/tmpxqubnm/extensions/fxdriver@googlecode.com/components/driver-component.js:10770)
    at FirefoxDriver.prototype.findElement (file:///c:/users/ajayth/appdata/local/temp/tmpxqubnm/extensions/fxdriver@googlecode.com/components/driver-component.js:10779)
    at DelayedCommand.prototype.executeInternal_/h (file:///c:/users/ajayth/appdata/local/temp/tmpxqubnm/extensions/fxdriver@googlecode.com/components/command-processor.js:12661)
    at DelayedCommand.prototype.executeInternal_ (file:///c:/users/ajayth/appdata/local/temp/tmpxqubnm/extensions/fxdriver@googlecode.com/components/command-processor.js:12666)
    at DelayedCommand.prototype.execute/&lt; (file:///c:/users/ajayth/appdata/local/temp/tmpxqubnm/extensions/fxdriver@googlecode.com/components/command-processor.js:12608)</msg>
<status status="FAIL" endtime="20180220 14:23:19.851" starttime="20180220 14:23:19.781"></status>
</kw>
<status status="FAIL" endtime="20180220 14:23:19.851" starttime="20180220 14:23:19.781"></status>
</kw>
<status status="FAIL" endtime="20180220 14:23:19.851" starttime="20180220 14:23:19.781"></status>
</kw>
<status status="FAIL" endtime="20180220 14:23:19.851" starttime="20180220 14:23:19.421"></status>
</kw>
<kw type="teardown" name="close" library="common">
<kw name="Click Button" library="Selenium2Library">
<doc>Clicks button identified by ``locator``.</doc>
<arguments>
<arg>xpath = //input[@value='Cancel']</arg>
</arguments>
<msg timestamp="20180220 14:23:19.851" level="INFO">Clicking button 'xpath = //input[@value='Cancel']'.</msg>
<status status="PASS" endtime="20180220 14:23:19.941" starttime="20180220 14:23:19.851"></status>
</kw>
<kw name="Sleep" library="BuiltIn">
<doc>Pauses the test executed for the given time.</doc>
<arguments>
<arg>2s</arg>
</arguments>
<msg timestamp="20180220 14:23:21.941" level="INFO">Slept 2 seconds</msg>
<status status="PASS" endtime="20180220 14:23:21.941" starttime="20180220 14:23:19.941"></status>
</kw>
<status status="PASS" endtime="20180220 14:23:21.941" starttime="20180220 14:23:19.851"></status>
</kw>
<status status="FAIL" endtime="20180220 14:23:21.941" critical="yes" starttime="20180220 14:23:17.011">Several failures occurred:

1) NoSuchElementException: Message: Unable to locate element: {"method":"xpath","selector":".// *[ @ id = 'buttonSaveChannel'] / table / tbody / tr / td[1] / input"}
Stacktrace:
    at FirefoxDriver.prototype.findElementInternal_ (file:///c:/users/ajayth/appdata/local/temp/tmpxqubnm/extensions/fxdriver@googlecode.com/components/driver-component.js:10770)
    at FirefoxDriver.prototype.findElement (file:///c:/users/ajayth/appdata/local/temp/tmpxqubnm/extensions/fxdriver@googlecode.com/components/driver-component.js:10779)
    at DelayedCommand.prototype.executeInternal_/h (file:///c:/users/ajayth/appdata/local/temp/tmpxqubnm/extensions/fxdriver@googlecode.com/components/command-processor.js:12661)
    at DelayedCommand.prototype.executeInternal_ (file:///c:/users/ajayth/appdata/local/temp/tmpxqubnm/extensions/fxdriver@googlecode.com/components/command-processor.js:12666)
    at DelayedCommand.prototype.execute/&lt; (file:///c:/users/ajayth/appdata/local/temp/tmpxqubnm/extensions/fxdriver@googlecode.com/components/command-pro...
    [ Message content over the limit has been removed. ]

6) NoSuchElementException: Message: Unable to locate element: {"method":"xpath","selector":".// *[ @ id = 'buttonSaveChannel'] / table / tbody / tr / td[1] / input"}
Stacktrace:
    at FirefoxDriver.prototype.findElementInternal_ (file:///c:/users/ajayth/appdata/local/temp/tmpxqubnm/extensions/fxdriver@googlecode.com/components/driver-component.js:10770)
    at FirefoxDriver.prototype.findElement (file:///c:/users/ajayth/appdata/local/temp/tmpxqubnm/extensions/fxdriver@googlecode.com/components/driver-component.js:10779)
    at DelayedCommand.prototype.executeInternal_/h (file:///c:/users/ajayth/appdata/local/temp/tmpxqubnm/extensions/fxdriver@googlecode.com/components/command-processor.js:12661)
    at DelayedCommand.prototype.executeInternal_ (file:///c:/users/ajayth/appdata/local/temp/tmpxqubnm/extensions/fxdriver@googlecode.com/components/command-processor.js:12666)
    at DelayedCommand.prototype.execute/&lt; (file:///c:/users/ajayth/appdata/local/temp/tmpxqubnm/extensions/fxdriver@googlecode.com/components/command-processor.js:12608)</status>
</test>
<kw type="teardown" name="close sdp" library="common">
<kw name="Close Browser" library="Selenium2Library">
<doc>Closes the current browser.</doc>
<status status="PASS" endtime="20180220 14:23:22.151" starttime="20180220 14:23:21.941"></status>
</kw>
<status status="PASS" endtime="20180220 14:23:22.151" starttime="20180220 14:23:21.941"></status>
</kw>
<status status="FAIL" endtime="20180220 14:23:22.151" starttime="20180220 14:22:35.324"></status>
</suite>
<suite source="C:\prototype\prototype\Tests\test_fcc.robot" id="s1-s5" name="Test Fcc">
<kw type="setup" name="Run Keywords" library="BuiltIn">
<doc>Executes all the given keywords in a sequence.</doc>
<arguments>
<arg>Open sdp</arg>
<arg>setup_add_new_fcc</arg>
<arg>get_data</arg>
</arguments>
<kw name="Open sdp" library="common">
<kw name="Open Browser" library="Selenium2Library">
<doc>Opens a new browser instance to the given ``url``.</doc>
<arguments>
<arg>${url}</arg>
<arg>ff</arg>
</arguments>
<msg timestamp="20180220 14:23:22.171" level="INFO">Opening browser 'ff' to base url 'https://10.92.10.215/sdpgui/index.php'.</msg>
<status status="PASS" endtime="20180220 14:23:27.537" starttime="20180220 14:23:22.171"></status>
</kw>
<kw name="Sdp Login" library="sdputils">
<doc>This method can be used for login into sdp system. If username and password</doc>
<assign>
<var>${driver}</var>
</assign>
<msg timestamp="20180220 14:23:30.538" level="INFO">{'locator': 'id', 'id': 'user'}</msg>
<msg timestamp="20180220 14:23:30.539" level="INFO">sdp</msg>
<msg timestamp="20180220 14:23:30.659" level="INFO">{'locator': 'id', 'id': 'password'}</msg>
<msg timestamp="20180220 14:23:30.659" level="INFO">sdp</msg>
<msg timestamp="20180220 14:23:34.701" level="INFO">${driver} = &lt;selenium.webdriver.firefox.webdriver.WebDriver (session="2533b69a-3de6-4e81-8e7c-3ba94be32440")&gt;</msg>
<status status="PASS" endtime="20180220 14:23:34.702" starttime="20180220 14:23:27.538"></status>
</kw>
<kw name="Set Global Variable" library="BuiltIn">
<doc>Makes a variable available globally in all tests and suites.</doc>
<arguments>
<arg>${driver}</arg>
</arguments>
<msg timestamp="20180220 14:23:34.702" level="INFO">${driver} = &lt;selenium.webdriver.firefox.webdriver.WebDriver (session="2533b69a-3de6-4e81-8e7c-3ba94be32440")&gt;</msg>
<status status="PASS" endtime="20180220 14:23:34.703" starttime="20180220 14:23:34.702"></status>
</kw>
<status status="PASS" endtime="20180220 14:23:34.703" starttime="20180220 14:23:22.171"></status>
</kw>
<kw name="setup_add_new_fcc" library="fcc">
<kw name="Get Library Instance" library="BuiltIn">
<doc>Returns the currently active instance of the specified test library.</doc>
<arguments>
<arg>sdppo</arg>
</arguments>
<assign>
<var>${SDP}</var>
</assign>
<msg timestamp="20180220 14:23:34.704" level="INFO">${SDP} = &lt;module 'sdppo' from 'C:\prototype\prototype\VBO_Objects\sdppo.pyc'&gt;</msg>
<status status="PASS" endtime="20180220 14:23:34.704" starttime="20180220 14:23:34.703"></status>
</kw>
<kw name="Open Page" library="sdputils">
<arguments>
<arg>${driver}</arg>
<arg>${SDP.fcc}</arg>
</arguments>
<msg timestamp="20180220 14:23:34.711" level="FAIL">BadStatusLine: ''</msg>
<status status="FAIL" endtime="20180220 14:23:34.712" starttime="20180220 14:23:34.704"></status>
</kw>
<status status="FAIL" endtime="20180220 14:23:34.712" starttime="20180220 14:23:34.703"></status>
</kw>
<status status="FAIL" endtime="20180220 14:23:34.712" starttime="20180220 14:23:22.171"></status>
</kw>
<test id="s1-s5-t1" name="validate fcc name with valid data">
<tags>
<tag>smoke</tag>
</tags>
<status status="FAIL" endtime="20180220 14:23:34.713" critical="yes" starttime="20180220 14:23:34.713">Parent suite setup failed:
BadStatusLine: ''</status>
</test>
<test id="s1-s5-t2" name="validate fcc ip with valid address">
<tags>
<tag>smoke</tag>
</tags>
<status status="FAIL" endtime="20180220 14:23:34.715" critical="yes" starttime="20180220 14:23:34.715">Parent suite setup failed:
BadStatusLine: ''</status>
</test>
<test id="s1-s5-t3" name="validate fcc rtcp with valid data">
<tags>
<tag>smoke</tag>
</tags>
<status status="FAIL" endtime="20180220 14:23:34.717" critical="yes" starttime="20180220 14:23:34.717">Parent suite setup failed:
BadStatusLine: ''</status>
</test>
<test id="s1-s5-t4" name="validate perc.nominal - catchup with valid data">
<tags>
<tag>smoke</tag>
</tags>
<status status="FAIL" endtime="20180220 14:23:34.719" critical="yes" starttime="20180220 14:23:34.718">Parent suite setup failed:
BadStatusLine: ''</status>
</test>
<test id="s1-s5-t5" name="validate perc.nominal - handover with valid data">
<tags>
<tag>smoke</tag>
</tags>
<status status="FAIL" endtime="20180220 14:23:34.722" critical="yes" starttime="20180220 14:23:34.721">Parent suite setup failed:
BadStatusLine: ''</status>
</test>
<test id="s1-s5-t6" name="validate threads with valid data">
<status status="FAIL" endtime="20180220 14:23:34.725" critical="yes" starttime="20180220 14:23:34.724">Parent suite setup failed:
BadStatusLine: ''</status>
</test>
<test id="s1-s5-t7" name="validate concurrent with valid data">
<status status="FAIL" endtime="20180220 14:23:34.727" critical="yes" starttime="20180220 14:23:34.726">Parent suite setup failed:
BadStatusLine: ''</status>
</test>
<test id="s1-s5-t8" name="validate bandwidth with valid data">
<status status="FAIL" endtime="20180220 14:23:34.730" critical="yes" starttime="20180220 14:23:34.729">Parent suite setup failed:
BadStatusLine: ''</status>
</test>
<test id="s1-s5-t9" name="validate IGMP join max with valid data">
<status status="FAIL" endtime="20180220 14:23:34.733" critical="yes" starttime="20180220 14:23:34.732">Parent suite setup failed:
BadStatusLine: ''</status>
</test>
<test id="s1-s5-t10" name="validate IGMP join min with valid data">
<status status="FAIL" endtime="20180220 14:23:34.734" critical="yes" starttime="20180220 14:23:34.734">Parent suite setup failed:
BadStatusLine: ''</status>
</test>
<test id="s1-s5-t11" name="validate IGMP leave max with valid data">
<status status="FAIL" endtime="20180220 14:23:34.736" critical="yes" starttime="20180220 14:23:34.735">Parent suite setup failed:
BadStatusLine: ''</status>
</test>
<test id="s1-s5-t12" name="validate time client with valid data">
<status status="FAIL" endtime="20180220 14:23:34.738" critical="yes" starttime="20180220 14:23:34.737">Parent suite setup failed:
BadStatusLine: ''</status>
</test>
<test id="s1-s5-t13" name="validate time difference with valid data">
<status status="FAIL" endtime="20180220 14:23:34.740" critical="yes" starttime="20180220 14:23:34.739">Parent suite setup failed:
BadStatusLine: ''</status>
</test>
<test id="s1-s5-t14" name="validate max video with valid data">
<status status="FAIL" endtime="20180220 14:23:34.741" critical="yes" starttime="20180220 14:23:34.741">Parent suite setup failed:
BadStatusLine: ''</status>
</test>
<test id="s1-s5-t15" name="validate time allowed with valid data">
<status status="FAIL" endtime="20180220 14:23:34.743" critical="yes" starttime="20180220 14:23:34.742">Parent suite setup failed:
BadStatusLine: ''</status>
</test>
<test id="s1-s5-t16" name="validate debugging port with valid data">
<status status="FAIL" endtime="20180220 14:23:34.744" critical="yes" starttime="20180220 14:23:34.744">Parent suite setup failed:
BadStatusLine: ''</status>
</test>
<test id="s1-s5-t17" name="validate operation flags with valid data">
<status status="FAIL" endtime="20180220 14:23:34.747" critical="yes" starttime="20180220 14:23:34.746">Parent suite setup failed:
BadStatusLine: ''</status>
</test>
<test id="s1-s5-t18" name="validate input threads with valid data">
<status status="FAIL" endtime="20180220 14:23:34.748" critical="yes" starttime="20180220 14:23:34.747">Parent suite setup failed:
BadStatusLine: ''</status>
</test>
<kw type="teardown" name="close sdp" library="common">
<kw name="Close Browser" library="Selenium2Library">
<doc>Closes the current browser.</doc>
<status status="PASS" endtime="20180220 14:23:35.905" starttime="20180220 14:23:34.751"></status>
</kw>
<status status="PASS" endtime="20180220 14:23:35.905" starttime="20180220 14:23:34.751"></status>
</kw>
<status status="FAIL" endtime="20180220 14:23:35.905" starttime="20180220 14:23:22.161">Suite setup failed:
BadStatusLine: ''</status>
</suite>
<suite source="C:\prototype\prototype\Tests\test_group.robot" id="s1-s6" name="Test Group">
<kw type="setup" name="Run Keywords" library="BuiltIn">
<doc>Executes all the given keywords in a sequence.</doc>
<arguments>
<arg>Open sdp</arg>
<arg>setup_add_new_group</arg>
</arguments>
<kw name="Open sdp" library="common">
<kw name="Open Browser" library="Selenium2Library">
<doc>Opens a new browser instance to the given ``url``.</doc>
<arguments>
<arg>${url}</arg>
<arg>ff</arg>
</arguments>
<msg timestamp="20180220 14:23:35.925" level="INFO">Opening browser 'ff' to base url 'https://10.92.10.215/sdpgui/index.php'.</msg>
<kw name="Capture Page Screenshot" library="Selenium2Library">
<doc>Takes screenshot of the current page and embeds it into log file.</doc>
<status status="FAIL" endtime="20180220 14:23:38.138" starttime="20180220 14:23:38.138"></status>
</kw>
<msg timestamp="20180220 14:23:38.139" level="WARN">Keyword 'Capture Page Screenshot' could not be run on failure: Execution terminated by signal</msg>
<status status="FAIL" endtime="20180220 14:23:38.139" starttime="20180220 14:23:35.925"></status>
</kw>
<status status="FAIL" endtime="20180220 14:23:38.139" starttime="20180220 14:23:35.925"></status>
</kw>
<status status="FAIL" endtime="20180220 14:23:38.139" starttime="20180220 14:23:35.915"></status>
</kw>
<test id="s1-s6-t1" name="validate group name with invalid data">
<tags>
<tag>robot-exit</tag>
</tags>
<status status="FAIL" endtime="20180220 14:23:38.140" critical="yes" starttime="20180220 14:23:38.139">Test execution stopped due to a fatal error.</status>
</test>
<status status="FAIL" endtime="20180220 14:23:38.141" starttime="20180220 14:23:35.905">Suite setup failed:
Execution terminated by signal</status>
</suite>
<suite source="C:\prototype\prototype\Tests\test_HBIP.robot" id="s1-s7" name="test HBIP">
<test id="s1-s7-t1" name="validate heartbeat ip with invalid data">
<tags>
<tag>robot-exit</tag>
</tags>
<status status="FAIL" endtime="20180220 14:23:38.143" critical="yes" starttime="20180220 14:23:38.143">Test execution stopped due to a fatal error.</status>
</test>
<status status="FAIL" endtime="20180220 14:23:38.144" starttime="20180220 14:23:38.142"></status>
</suite>
<suite source="C:\prototype\prototype\Tests\test_region.robot" id="s1-s8" name="Test Region">
<test id="s1-s8-t1" name="validate region name with invalid data">
<tags>
<tag>robot-exit</tag>
</tags>
<status status="FAIL" endtime="20180220 14:23:38.147" critical="yes" starttime="20180220 14:23:38.147">Test execution stopped due to a fatal error.</status>
</test>
<status status="FAIL" endtime="20180220 14:23:38.148" starttime="20180220 14:23:38.146"></status>
</suite>
<suite source="C:\prototype\prototype\Tests\test_ret.robot" id="s1-s9" name="Test Ret">
<test id="s1-s9-t1" name="validate ret name with invalid data">
<tags>
<tag>robot-exit</tag>
</tags>
<status status="FAIL" endtime="20180220 14:23:38.150" critical="yes" starttime="20180220 14:23:38.150">Test execution stopped due to a fatal error.</status>
</test>
<test id="s1-s9-t2" name="validate ret ip address with invalid data">
<tags>
<tag>robot-exit</tag>
</tags>
<status status="FAIL" endtime="20180220 14:23:38.151" critical="yes" starttime="20180220 14:23:38.151">Test execution stopped due to a fatal error.</status>
</test>
<test id="s1-s9-t3" name="validate ret rtcp address with invalid data">
<tags>
<tag>robot-exit</tag>
</tags>
<status status="FAIL" endtime="20180220 14:23:38.153" critical="yes" starttime="20180220 14:23:38.152">Test execution stopped due to a fatal error.</status>
</test>
<test id="s1-s9-t4" name="validate percentage bandwidth with invalid data">
<tags>
<tag>robot-exit</tag>
</tags>
<status status="FAIL" endtime="20180220 14:23:38.155" critical="yes" starttime="20180220 14:23:38.154">Test execution stopped due to a fatal error.</status>
</test>
<test id="s1-s9-t5" name="validate buffer with invalid data">
<tags>
<tag>robot-exit</tag>
</tags>
<status status="FAIL" endtime="20180220 14:23:38.156" critical="yes" starttime="20180220 14:23:38.155">Test execution stopped due to a fatal error.</status>
</test>
<test id="s1-s9-t6" name="validate rtp payload with invalid data">
<tags>
<tag>robot-exit</tag>
</tags>
<status status="FAIL" endtime="20180220 14:23:38.157" critical="yes" starttime="20180220 14:23:38.156">Test execution stopped due to a fatal error.</status>
</test>
<test id="s1-s9-t7" name="validate threads with invalid data">
<tags>
<tag>robot-exit</tag>
</tags>
<status status="FAIL" endtime="20180220 14:23:38.158" critical="yes" starttime="20180220 14:23:38.158">Test execution stopped due to a fatal error.</status>
</test>
<test id="s1-s9-t8" name="validate concurrent with invalid data">
<tags>
<tag>robot-exit</tag>
</tags>
<status status="FAIL" endtime="20180220 14:23:38.159" critical="yes" starttime="20180220 14:23:38.159">Test execution stopped due to a fatal error.</status>
</test>
<test id="s1-s9-t9" name="validate bandwidth with invalid data">
<tags>
<tag>robot-exit</tag>
</tags>
<status status="FAIL" endtime="20180220 14:23:38.160" critical="yes" starttime="20180220 14:23:38.160">Test execution stopped due to a fatal error.</status>
</test>
<test id="s1-s9-t10" name="validate sampling period with invalid data">
<tags>
<tag>robot-exit</tag>
</tags>
<status status="FAIL" endtime="20180220 14:23:38.162" critical="yes" starttime="20180220 14:23:38.162">Test execution stopped due to a fatal error.</status>
</test>
<test id="s1-s9-t11" name="validate no of sample periods with invalid data">
<tags>
<tag>robot-exit</tag>
</tags>
<status status="FAIL" endtime="20180220 14:23:38.164" critical="yes" starttime="20180220 14:23:38.163">Test execution stopped due to a fatal error.</status>
</test>
<test id="s1-s9-t12" name="validate debugging port with invalid data">
<tags>
<tag>robot-exit</tag>
</tags>
<status status="FAIL" endtime="20180220 14:23:38.165" critical="yes" starttime="20180220 14:23:38.164">Test execution stopped due to a fatal error.</status>
</test>
<test id="s1-s9-t13" name="validate flags with invalid data">
<tags>
<tag>robot-exit</tag>
</tags>
<status status="FAIL" endtime="20180220 14:23:38.167" critical="yes" starttime="20180220 14:23:38.167">Test execution stopped due to a fatal error.</status>
</test>
<test id="s1-s9-t14" name="validate ret input threads with invalid data">
<tags>
<tag>robot-exit</tag>
</tags>
<status status="FAIL" endtime="20180220 14:23:38.173" critical="yes" starttime="20180220 14:23:38.172">Test execution stopped due to a fatal error.</status>
</test>
<status status="FAIL" endtime="20180220 14:23:38.178" starttime="20180220 14:23:38.149"></status>
</suite>
<suite source="C:\prototype\prototype\Tests\test_rewrapper_new.robot" id="s1-s10" name="Test Rewrapper New">
<test id="s1-s10-t1" name="validate rewrapper with invalid ttl entries">
<tags>
<tag>robot-exit</tag>
</tags>
<status status="FAIL" endtime="20180220 14:23:38.187" critical="yes" starttime="20180220 14:23:38.187">Test execution stopped due to a fatal error.</status>
</test>
<test id="s1-s10-t2" name="validate rewrapper with invalid delay between asset restart">
<tags>
<tag>robot-exit</tag>
</tags>
<status status="FAIL" endtime="20180220 14:23:38.189" critical="yes" starttime="20180220 14:23:38.189">Test execution stopped due to a fatal error.</status>
</test>
<test id="s1-s10-t3" name="validate rewrapper with invalid delay between switching sources">
<tags>
<tag>robot-exit</tag>
</tags>
<status status="FAIL" endtime="20180220 14:23:38.191" critical="yes" starttime="20180220 14:23:38.190">Test execution stopped due to a fatal error.</status>
</test>
<status status="FAIL" endtime="20180220 14:23:38.192" starttime="20180220 14:23:38.184"></status>
</suite>
<suite source="C:\prototype\prototype\Tests\test_sdpci.robot" id="s1-s11" name="Test Sdpci">
<test id="s1-s11-t1" name="sdp.411 validate sdpci host_associated with valid data">
<tags>
<tag>robot-exit</tag>
<tag>sdpcicreation</tag>
</tags>
<status status="FAIL" endtime="20180220 14:23:38.196" critical="yes" starttime="20180220 14:23:38.194">Test execution stopped due to a fatal error.</status>
</test>
<test id="s1-s11-t2" name="sdp.413 validate sdpci name with valid data">
<tags>
<tag>robot-exit</tag>
<tag>sdpcicreation</tag>
</tags>
<status status="FAIL" endtime="20180220 14:23:38.197" critical="yes" starttime="20180220 14:23:38.197">Test execution stopped due to a fatal error.</status>
</test>
<test id="s1-s11-t3" name="sdp.414 validate sdpci name with invalid data">
<tags>
<tag>robot-exit</tag>
<tag>sdpcicreation</tag>
</tags>
<status status="FAIL" endtime="20180220 14:23:38.199" critical="yes" starttime="20180220 14:23:38.198">Test execution stopped due to a fatal error.</status>
</test>
<test id="s1-s11-t4" name="sdp.418 validate search function">
<tags>
<tag>robot-exit</tag>
<tag>sdpcicreation</tag>
</tags>
<status status="FAIL" endtime="20180220 14:23:38.200" critical="yes" starttime="20180220 14:23:38.200">Test execution stopped due to a fatal error.</status>
</test>
<status status="FAIL" endtime="20180220 14:23:38.202" starttime="20180220 14:23:38.193"></status>
</suite>
<suite source="C:\prototype\prototype\Tests\test_sdpcms.robot" id="s1-s12" name="Test Sdpcms">
<test id="s1-s12-t1" name="sdp.413 validate sdpci name with valid data">
<tags>
<tag>robot-exit</tag>
<tag>sdpcmscreation</tag>
</tags>
<status status="FAIL" endtime="20180220 14:23:38.204" critical="yes" starttime="20180220 14:23:38.204">Test execution stopped due to a fatal error.</status>
</test>
<test id="s1-s12-t2" name="sdp.414 validate sdpci name with invalid data">
<tags>
<tag>robot-exit</tag>
<tag>sdpcmscreation</tag>
</tags>
<status status="FAIL" endtime="20180220 14:23:38.206" critical="yes" starttime="20180220 14:23:38.205">Test execution stopped due to a fatal error.</status>
</test>
<status status="FAIL" endtime="20180220 14:23:38.207" starttime="20180220 14:23:38.203"></status>
</suite>
<suite source="C:\prototype\prototype\Tests\test_stat_catcher.robot" id="s1-s13" name="Test Stat Catcher">
<test id="s1-s13-t1" name="validate stat catcher name with invalid data">
<tags>
<tag>robot-exit</tag>
</tags>
<status status="FAIL" endtime="20180220 14:23:38.210" critical="yes" starttime="20180220 14:23:38.209">Test execution stopped due to a fatal error.</status>
</test>
<test id="s1-s13-t2" name="validate stat catcher IP with invalid data">
<tags>
<tag>robot-exit</tag>
</tags>
<status status="FAIL" endtime="20180220 14:23:38.211" critical="yes" starttime="20180220 14:23:38.211">Test execution stopped due to a fatal error.</status>
</test>
<test id="s1-s13-t3" name="validate stat catcher port with invalid data">
<tags>
<tag>robot-exit</tag>
</tags>
<status status="FAIL" endtime="20180220 14:23:38.213" critical="yes" starttime="20180220 14:23:38.212">Test execution stopped due to a fatal error.</status>
</test>
<test id="s1-s13-t4" name="validate stat catcher point of presence with invalid data">
<tags>
<tag>robot-exit</tag>
</tags>
<status status="FAIL" endtime="20180220 14:23:38.214" critical="yes" starttime="20180220 14:23:38.213">Test execution stopped due to a fatal error.</status>
</test>
<status status="FAIL" endtime="20180220 14:23:38.215" starttime="20180220 14:23:38.208"></status>
</suite>
<suite source="C:\prototype\prototype\Tests\test_systemservices.robot" id="s1-s14" name="Test Systemservices">
<test id="s1-s14-t1" name="validate systemservices name with invalid data">
<tags>
<tag>robot-exit</tag>
</tags>
<status status="FAIL" endtime="20180220 14:23:38.220" critical="yes" starttime="20180220 14:23:38.219">Test execution stopped due to a fatal error.</status>
</test>
<test id="s1-s14-t2" name="validate systemservices ip with invalid data">
<tags>
<tag>robot-exit</tag>
<tag>smoke</tag>
</tags>
<status status="FAIL" endtime="20180220 14:23:38.221" critical="yes" starttime="20180220 14:23:38.221">Test execution stopped due to a fatal error.</status>
</test>
<status status="FAIL" endtime="20180220 14:23:38.222" starttime="20180220 14:23:38.217"></status>
</suite>
<suite source="C:\prototype\prototype\Tests\test_users_maintenance.robot" id="s1-s15" name="Test Users Maintenance">
<test id="s1-s15-t1" name="validate user name with invalid data">
<tags>
<tag>robot-exit</tag>
<tag>usersmaintenance</tag>
</tags>
<status status="FAIL" endtime="20180220 14:23:38.227" critical="yes" starttime="20180220 14:23:38.226">Test execution stopped due to a fatal error.</status>
</test>
<status status="FAIL" endtime="20180220 14:23:38.228" starttime="20180220 14:23:38.224"></status>
</suite>
<kw type="teardown" name="close sdp">
<doc>Closes the sdp application after the process is over.</doc>
<kw name="Close Browser" library="Selenium2Library">
<doc>Closes the current browser.</doc>
<status status="PASS" endtime="20180220 14:23:38.236" starttime="20180220 14:23:38.235"></status>
</kw>
<status status="PASS" endtime="20180220 14:23:38.236" starttime="20180220 14:23:38.235"></status>
</kw>
<doc>This suite tests the SDP GUI</doc>
<status status="FAIL" endtime="20180220 14:23:38.236" starttime="20180220 14:21:46.553"></status>
</suite>
<statistics>
<total>
<stat fail="128" pass="0">Critical Tests</stat>
<stat fail="128" pass="0">All Tests</stat>
</total>
<tag>
<stat info="combined" fail="95" combined="NOT robot-exit" pass="0">NOT robot-exit</stat>
<stat fail="67" pass="0">binary_page</stat>
<stat fail="6" pass="0">channel</stat>
<stat fail="33" pass="0">robot-exit</stat>
<stat fail="4" pass="0">sdpcicreation</stat>
<stat fail="2" pass="0">sdpcmscreation</stat>
<stat fail="6" pass="0">smoke</stat>
<stat fail="1" pass="0">usersmaintenance</stat>
</tag>
<suite>
<stat fail="128" id="s1" name="Tests" pass="0">Tests</stat>
<stat fail="1" id="s1-s1" name="Test Area" pass="0">Tests.Test Area</stat>
<stat fail="67" id="s1-s2" name="Test Binary" pass="0">Tests.Test Binary</stat>
<stat fail="6" id="s1-s3" name="Test Channel" pass="0">Tests.Test Channel</stat>
<stat fail="3" id="s1-s4" name="Test Client Stb" pass="0">Tests.Test Client Stb</stat>
<stat fail="18" id="s1-s5" name="Test Fcc" pass="0">Tests.Test Fcc</stat>
<stat fail="1" id="s1-s6" name="Test Group" pass="0">Tests.Test Group</stat>
<stat fail="1" id="s1-s7" name="test HBIP" pass="0">Tests.test HBIP</stat>
<stat fail="1" id="s1-s8" name="Test Region" pass="0">Tests.Test Region</stat>
<stat fail="14" id="s1-s9" name="Test Ret" pass="0">Tests.Test Ret</stat>
<stat fail="3" id="s1-s10" name="Test Rewrapper New" pass="0">Tests.Test Rewrapper New</stat>
<stat fail="4" id="s1-s11" name="Test Sdpci" pass="0">Tests.Test Sdpci</stat>
<stat fail="2" id="s1-s12" name="Test Sdpcms" pass="0">Tests.Test Sdpcms</stat>
<stat fail="4" id="s1-s13" name="Test Stat Catcher" pass="0">Tests.Test Stat Catcher</stat>
<stat fail="2" id="s1-s14" name="Test Systemservices" pass="0">Tests.Test Systemservices</stat>
<stat fail="1" id="s1-s15" name="Test Users Maintenance" pass="0">Tests.Test Users Maintenance</stat>
</suite>
</statistics>
<errors>
<msg timestamp="20180220 14:22:14.719" level="WARN">Imported library 'C:\prototype\prototype\VBO_Objects\sdppo.py' contains no keywords.</msg>
<msg timestamp="20180220 14:22:14.719" level="WARN">Imported library 'C:\prototype\prototype\VBO_Objects\areaPage.py' contains no keywords.</msg>
<msg timestamp="20180220 14:22:33.084" level="WARN">Imported library 'C:\prototype\prototype\VBO_Objects\binaryPage.py' contains no keywords.</msg>
<msg timestamp="20180220 14:22:34.284" level="WARN">Imported library 'C:\prototype\prototype\VBO_Objects\channelPage.py' contains no keywords.</msg>
<msg timestamp="20180220 14:22:35.344" level="WARN">Imported library 'C:\prototype\prototype\VBO_Objects\clientSTBPage.py' contains no keywords.</msg>
<msg timestamp="20180220 14:23:22.171" level="WARN">Imported library 'C:\prototype\prototype\VBO_Objects\fccPage.py' contains no keywords.</msg>
<msg timestamp="20180220 14:23:35.915" level="WARN">Imported library 'C:\prototype\prototype\VBO_Objects\groupPage.py' contains no keywords.</msg>
<msg timestamp="20180220 14:23:38.139" level="WARN">Keyword 'Capture Page Screenshot' could not be run on failure: Execution terminated by signal</msg>
</errors>
</robot>
